
CodeIgniter v4.6.1 Command Line Tool - Server Time: 2025-06-21 08:52:43 UTC+00:00

CodeIgniter development server started on http://localhost:8080
Press Control-C to stop.
[Sat Jun 21 17:52:43 2025] PHP 8.4.7 Development Server (http://localhost:8080) started
[Sat Jun 21 17:53:57 2025] [::1]:54403 Accepted
[Sat Jun 21 17:53:57 2025] [::1]:54404 Accepted
[Sat Jun 21 17:53:57 2025] [::1]:54403 Closed without sending a request; it was probably just an unused speculative preconnection
[Sat Jun 21 17:53:57 2025] [::1]:54403 Closing
[Sat Jun 21 17:53:57 2025] [::1]:54404 Closing
[Sat Jun 21 17:56:34 2025] [::1]:54442 Accepted
[Sat Jun 21 17:56:34 2025] [::1]:54443 Accepted
[Sat Jun 21 17:56:34 2025] [::1]:54442 Closed without sending a request; it was probably just an unused speculative preconnection
[Sat Jun 21 17:56:34 2025] [::1]:54442 Closing
[Sat Jun 21 17:56:34 2025] [::1]:54443 Closing
[Sat Jun 21 17:56:42 2025] [::1]:54450 Accepted
[Sat Jun 21 17:56:42 2025] [::1]:54451 Accepted
[Sat Jun 21 17:56:42 2025] [::1]:54450 Closed without sending a request; it was probably just an unused speculative preconnection
[Sat Jun 21 17:56:42 2025] [::1]:54450 Closing
[Sat Jun 21 17:56:42 2025] [::1]:54451 Closing
[Sat Jun 21 17:58:07 2025] [::1]:54474 Accepted
[Sat Jun 21 17:58:07 2025] [::1]:54475 Accepted
[Sat Jun 21 17:58:07 2025] [::1]:54474 Closed without sending a request; it was probably just an unused speculative preconnection
[Sat Jun 21 17:58:07 2025] [::1]:54474 Closing
[Sat Jun 21 17:58:07 2025] [::1]:54475 Closing
[Sat Jun 21 17:58:55 2025] [::1]:54489 Accepted
[Sat Jun 21 17:58:55 2025] [::1]:54490 Accepted
[Sat Jun 21 17:58:55 2025] [::1]:54489 Closed without sending a request; it was probably just an unused speculative preconnection
[Sat Jun 21 17:58:55 2025] [::1]:54489 Closing
[Sat Jun 21 17:58:55 2025] [::1]:54490 Closing
[Sat Jun 21 18:01:16 2025] [::1]:54530 Accepted
[Sat Jun 21 18:01:16 2025] [::1]:54531 Accepted
[Sat Jun 21 18:01:16 2025] [::1]:54530 Closed without sending a request; it was probably just an unused speculative preconnection
[Sat Jun 21 18:01:16 2025] [::1]:54530 Closing
[Sat Jun 21 18:01:16 2025] [::1]:54531 Closing
[Sat Jun 21 18:04:49 2025] [::1]:54579 Accepted
[Sat Jun 21 18:04:49 2025] [::1]:54580 Accepted
[Sat Jun 21 18:04:49 2025] [::1]:54579 Closed without sending a request; it was probably just an unused speculative preconnection
[Sat Jun 21 18:04:49 2025] [::1]:54579 Closing
[Sat Jun 21 18:04:49 2025] [::1]:54580 Closing
[Sat Jun 21 18:04:57 2025] [::1]:54586 Accepted
[Sat Jun 21 18:04:57 2025] [::1]:54586 Closed without sending a request; it was probably just an unused speculative preconnection
[Sat Jun 21 18:04:57 2025] [::1]:54586 Closing
[Sat Jun 21 18:04:57 2025] [::1]:54587 Accepted
[Sat Jun 21 18:04:57 2025] [::1]:54587 Closing
[Sat Jun 21 18:05:01 2025] [::1]:54591 Accepted
[Sat Jun 21 18:05:01 2025] [::1]:54591 Closed without sending a request; it was probably just an unused speculative preconnection
[Sat Jun 21 18:05:01 2025] [::1]:54591 Closing
[Sat Jun 21 18:05:01 2025] [::1]:54592 Accepted
[Sat Jun 21 18:05:01 2025] [::1]:54592 Closing
[Sat Jun 21 18:05:29 2025] [::1]:54610 Accepted
[Sat Jun 21 18:05:29 2025] [::1]:54611 Accepted
[Sat Jun 21 18:05:29 2025] [::1]:54610 Closed without sending a request; it was probably just an unused speculative preconnection
[Sat Jun 21 18:05:29 2025] [::1]:54610 Closing
[Sat Jun 21 18:05:29 2025] [::1]:54611 Closing
[Sat Jun 21 18:08:11 2025] [::1]:54652 Accepted
[Sat Jun 21 18:08:11 2025] [::1]:54653 Accepted
[Sat Jun 21 18:08:11 2025] [::1]:54652 Closed without sending a request; it was probably just an unused speculative preconnection
[Sat Jun 21 18:08:11 2025] [::1]:54652 Closing
[Sat Jun 21 18:08:11 2025] [::1]:54653 Closing
[Sat Jun 21 18:08:35 2025] [::1]:54668 Accepted
[Sat Jun 21 18:08:35 2025] [::1]:54669 Accepted
[Sat Jun 21 18:08:35 2025] [::1]:54668 Closed without sending a request; it was probably just an unused speculative preconnection
[Sat Jun 21 18:08:35 2025] [::1]:54668 Closing
[Sat Jun 21 18:08:35 2025] [::1]:54669 Closing
[Sat Jun 21 18:09:56 2025] [::1]:54700 Accepted
[Sat Jun 21 18:09:56 2025] [::1]:54701 Accepted
[Sat Jun 21 18:09:56 2025] [::1]:54700 Closed without sending a request; it was probably just an unused speculative preconnection
[Sat Jun 21 18:09:56 2025] [::1]:54700 Closing
[Sat Jun 21 18:09:56 2025] [::1]:54701 Closing
[Sat Jun 21 18:11:52 2025] [::1]:54730 Accepted
[Sat Jun 21 18:11:52 2025] [::1]:54731 Accepted
[Sat Jun 21 18:11:52 2025] [::1]:54730 Closed without sending a request; it was probably just an unused speculative preconnection
[Sat Jun 21 18:11:52 2025] [::1]:54730 Closing
[Sat Jun 21 18:11:52 2025] [::1]:54731 Closing
[Sat Jun 21 18:13:35 2025] [::1]:54770 Accepted
[Sat Jun 21 18:13:35 2025] [::1]:54771 Accepted
[Sat Jun 21 18:13:35 2025] [::1]:54770 Closed without sending a request; it was probably just an unused speculative preconnection
[Sat Jun 21 18:13:35 2025] [::1]:54770 Closing
[Sat Jun 21 18:13:35 2025] [::1]:54771 Closing
[Sat Jun 21 18:13:47 2025] [::1]:54780 Accepted
[Sat Jun 21 18:13:47 2025] [::1]:54781 Accepted
[Sat Jun 21 18:13:47 2025] [::1]:54780 Closed without sending a request; it was probably just an unused speculative preconnection
[Sat Jun 21 18:13:47 2025] [::1]:54780 Closing
[Sat Jun 21 18:13:47 2025] [::1]:54781 Closing
[Sat Jun 21 18:13:55 2025] [::1]:54788 Accepted
[Sat Jun 21 18:13:55 2025] [::1]:54789 Accepted
[Sat Jun 21 18:13:55 2025] [::1]:54788 Closed without sending a request; it was probably just an unused speculative preconnection
[Sat Jun 21 18:13:55 2025] [::1]:54788 Closing
[Sat Jun 21 18:13:55 2025] [::1]:54789 Closing
[Sat Jun 21 18:13:55 2025] [::1]:54792 Accepted
[Sat Jun 21 18:13:55 2025] [::1]:54792 Closed without sending a request; it was probably just an unused speculative preconnection
[Sat Jun 21 18:13:55 2025] [::1]:54792 Closing
[Sat Jun 21 18:13:55 2025] [::1]:54793 Accepted
[Sat Jun 21 18:13:55 2025] [::1]:54793 Closing
[Sat Jun 21 18:14:16 2025] [::1]:54802 Accepted
[Sat Jun 21 18:14:16 2025] [::1]:54803 Accepted
[Sat Jun 21 18:14:16 2025] [::1]:54802 Closed without sending a request; it was probably just an unused speculative preconnection
[Sat Jun 21 18:14:16 2025] [::1]:54802 Closing
[Sat Jun 21 18:14:16 2025] [::1]:54803 Closing
[Sat Jun 21 18:14:37 2025] [::1]:54811 Accepted
[Sat Jun 21 18:14:37 2025] [::1]:54812 Accepted
[Sat Jun 21 18:14:37 2025] [::1]:54811 Closed without sending a request; it was probably just an unused speculative preconnection
[Sat Jun 21 18:14:37 2025] [::1]:54811 Closing
[Sat Jun 21 18:14:37 2025] [::1]:54812 Closing
[Sat Jun 21 18:14:49 2025] [::1]:54823 Accepted
[Sat Jun 21 18:14:49 2025] [::1]:54824 Accepted
[Sat Jun 21 18:14:49 2025] [::1]:54823 Closed without sending a request; it was probably just an unused speculative preconnection
[Sat Jun 21 18:14:49 2025] [::1]:54823 Closing
[Sat Jun 21 18:14:49 2025] [::1]:54824 Closing
[Sat Jun 21 18:15:48 2025] [::1]:54845 Accepted
[Sat Jun 21 18:15:48 2025] [::1]:54845 Closed without sending a request; it was probably just an unused speculative preconnection
[Sat Jun 21 18:15:48 2025] [::1]:54845 Closing
[Sat Jun 21 18:15:48 2025] [::1]:54846 Accepted
[Sat Jun 21 18:15:48 2025] [::1]:54846 Closing
[Sat Jun 21 18:18:09 2025] [::1]:54887 Accepted
[Sat Jun 21 18:18:09 2025] [::1]:54888 Accepted
[Sat Jun 21 18:18:09 2025] [::1]:54887 Closed without sending a request; it was probably just an unused speculative preconnection
[Sat Jun 21 18:18:09 2025] [::1]:54887 Closing
[Sat Jun 21 18:18:09 2025] [::1]:54888 Closing
[Sat Jun 21 18:19:40 2025] [::1]:54925 Accepted
[Sat Jun 21 18:19:40 2025] [::1]:54926 Accepted
[Sat Jun 21 18:19:40 2025] [::1]:54925 Closed without sending a request; it was probably just an unused speculative preconnection
[Sat Jun 21 18:19:40 2025] [::1]:54925 Closing
[Sat Jun 21 18:19:40 2025] [::1]:54926 Closing
[Sat Jun 21 18:21:34 2025] [::1]:54954 Accepted
[Sat Jun 21 18:21:34 2025] [::1]:54955 Accepted
[Sat Jun 21 18:21:34 2025] [::1]:54954 Closed without sending a request; it was probably just an unused speculative preconnection
[Sat Jun 21 18:21:34 2025] [::1]:54954 Closing
[Sat Jun 21 18:21:34 2025] [::1]:54955 Closing
[Sat Jun 21 18:23:54 2025] [::1]:55005 Accepted
[Sat Jun 21 18:23:54 2025] [::1]:55006 Accepted
[Sat Jun 21 18:23:54 2025] [::1]:55005 Closed without sending a request; it was probably just an unused speculative preconnection
[Sat Jun 21 18:23:54 2025] [::1]:55005 Closing
[Sat Jun 21 18:23:54 2025] [::1]:55006 Closing
[Sat Jun 21 18:30:00 2025] [::1]:55117 Accepted
[Sat Jun 21 18:30:00 2025] [::1]:55118 Accepted
[Sat Jun 21 18:30:00 2025] [::1]:55117 Closed without sending a request; it was probably just an unused speculative preconnection
[Sat Jun 21 18:30:00 2025] [::1]:55117 Closing
[Sat Jun 21 18:30:00 2025] [::1]:55118 Closing
[Sat Jun 21 18:31:01 2025] [::1]:55136 Accepted
[Sat Jun 21 18:31:01 2025] [::1]:55137 Accepted
[Sat Jun 21 18:31:01 2025] [::1]:55136 Closed without sending a request; it was probably just an unused speculative preconnection
[Sat Jun 21 18:31:01 2025] [::1]:55136 Closing
[Sat Jun 21 18:31:01 2025] [::1]:55137 Closing
[Sat Jun 21 18:33:07 2025] [::1]:55176 Accepted
[Sat Jun 21 18:33:07 2025] [::1]:55177 Accepted
[Sat Jun 21 18:33:07 2025] [::1]:55176 Closed without sending a request; it was probably just an unused speculative preconnection
[Sat Jun 21 18:33:07 2025] [::1]:55176 Closing
[Sat Jun 21 18:33:07 2025] [::1]:55177 Closing
[Sat Jun 21 18:34:08 2025] [::1]:55191 Accepted
[Sat Jun 21 18:34:08 2025] [::1]:55192 Accepted
[Sat Jun 21 18:34:08 2025] [::1]:55191 Closed without sending a request; it was probably just an unused speculative preconnection
[Sat Jun 21 18:34:08 2025] [::1]:55191 Closing
[Sat Jun 21 18:34:08 2025] [::1]:55192 Closing
[Sat Jun 21 18:35:54 2025] [::1]:55232 Accepted
[Sat Jun 21 18:35:54 2025] [::1]:55233 Accepted
[Sat Jun 21 18:35:54 2025] [::1]:55232 Closed without sending a request; it was probably just an unused speculative preconnection
[Sat Jun 21 18:35:54 2025] [::1]:55232 Closing
[Sat Jun 21 18:35:55 2025] [::1]:55233 Closing
[Sat Jun 21 18:41:27 2025] [::1]:55337 Accepted
[Sat Jun 21 18:41:27 2025] [::1]:55338 Accepted
[Sat Jun 21 18:41:27 2025] [::1]:55337 Closed without sending a request; it was probably just an unused speculative preconnection
[Sat Jun 21 18:41:27 2025] [::1]:55337 Closing
[Sat Jun 21 18:41:27 2025] [::1]:55338 Closing
[Sat Jun 21 18:42:30 2025] [::1]:55357 Accepted
[Sat Jun 21 18:42:30 2025] [::1]:55358 Accepted
[Sat Jun 21 18:42:30 2025] [::1]:55357 Closed without sending a request; it was probably just an unused speculative preconnection
[Sat Jun 21 18:42:30 2025] [::1]:55357 Closing
[Sat Jun 21 18:42:30 2025] [::1]:55358 Closing
[Sat Jun 21 18:42:32 2025] [::1]:55361 Accepted
[Sat Jun 21 18:42:32 2025] [::1]:55361 Closed without sending a request; it was probably just an unused speculative preconnection
[Sat Jun 21 18:42:32 2025] [::1]:55361 Closing
[Sat Jun 21 18:42:32 2025] [::1]:55362 Accepted
[Sat Jun 21 18:42:32 2025] [::1]:55362 Closing
[Sat Jun 21 18:44:55 2025] [::1]:55413 Accepted
[Sat Jun 21 18:44:55 2025] [::1]:55414 Accepted
[Sat Jun 21 18:44:55 2025] [::1]:55413 Closed without sending a request; it was probably just an unused speculative preconnection
[Sat Jun 21 18:44:55 2025] [::1]:55413 Closing
[Sat Jun 21 18:44:55 2025] [::1]:55414 Closing
[Sat Jun 21 18:45:40 2025] [::1]:55436 Accepted
[Sat Jun 21 18:45:40 2025] [::1]:55437 Accepted
[Sat Jun 21 18:45:40 2025] [::1]:55436 Closed without sending a request; it was probably just an unused speculative preconnection
[Sat Jun 21 18:45:40 2025] [::1]:55436 Closing
[Sat Jun 21 18:45:40 2025] [::1]:55437 Closing
[Sat Jun 21 18:47:45 2025] [::1]:55465 Accepted
[Sat Jun 21 18:47:45 2025] [::1]:55466 Accepted
[Sat Jun 21 18:47:45 2025] [::1]:55465 Closed without sending a request; it was probably just an unused speculative preconnection
[Sat Jun 21 18:47:45 2025] [::1]:55465 Closing
[Sat Jun 21 18:47:45 2025] [::1]:55466 Closing
[Sat Jun 21 18:48:22 2025] [::1]:55484 Accepted
[Sat Jun 21 18:48:22 2025] [::1]:55485 Accepted
[Sat Jun 21 18:48:22 2025] [::1]:55484 Closed without sending a request; it was probably just an unused speculative preconnection
[Sat Jun 21 18:48:22 2025] [::1]:55484 Closing
[Sat Jun 21 18:48:22 2025] [::1]:55485 Closing
[Sat Jun 21 18:48:47 2025] [::1]:55499 Accepted
[Sat Jun 21 18:48:47 2025] [::1]:55500 Accepted
[Sat Jun 21 18:48:47 2025] [::1]:55499 Closed without sending a request; it was probably just an unused speculative preconnection
[Sat Jun 21 18:48:47 2025] [::1]:55499 Closing
[Sat Jun 21 18:48:47 2025] [::1]:55500 Closing
[Sat Jun 21 18:51:53 2025] [::1]:55535 Accepted
[Sat Jun 21 18:51:53 2025] [::1]:55536 Accepted
[Sat Jun 21 18:51:53 2025] [::1]:55535 Closed without sending a request; it was probably just an unused speculative preconnection
[Sat Jun 21 18:51:53 2025] [::1]:55535 Closing
[Sat Jun 21 18:51:53 2025] [::1]:55536 Closing
[Sat Jun 21 18:53:43 2025] [::1]:55577 Accepted
[Sat Jun 21 18:53:43 2025] [::1]:55578 Accepted
[Sat Jun 21 18:53:43 2025] [::1]:55577 Closed without sending a request; it was probably just an unused speculative preconnection
[Sat Jun 21 18:53:43 2025] [::1]:55577 Closing
[Sat Jun 21 18:53:43 2025] [::1]:55578 Closing
[Sat Jun 21 18:56:33 2025] [::1]:55619 Accepted
[Sat Jun 21 18:56:33 2025] [::1]:55620 Accepted
[Sat Jun 21 18:56:33 2025] [::1]:55619 Closed without sending a request; it was probably just an unused speculative preconnection
[Sat Jun 21 18:56:33 2025] [::1]:55619 Closing
[Sat Jun 21 18:56:33 2025] [::1]:55620 Closing
[Sat Jun 21 19:00:05 2025] [::1]:55658 Accepted
[Sat Jun 21 19:00:05 2025] [::1]:55659 Accepted
[Sat Jun 21 19:00:05 2025] [::1]:55658 Closed without sending a request; it was probably just an unused speculative preconnection
[Sat Jun 21 19:00:05 2025] [::1]:55658 Closing
[Sat Jun 21 19:00:06 2025] [::1]:55659 Closing
[Sat Jun 21 19:01:12 2025] [::1]:55683 Accepted
[Sat Jun 21 19:01:12 2025] [::1]:55684 Accepted
[Sat Jun 21 19:01:12 2025] [::1]:55683 Closed without sending a request; it was probably just an unused speculative preconnection
[Sat Jun 21 19:01:12 2025] [::1]:55683 Closing
[Sat Jun 21 19:01:13 2025] [::1]:55684 Closing
[Sat Jun 21 19:01:47 2025] [::1]:55698 Accepted
[Sat Jun 21 19:01:47 2025] [::1]:55699 Accepted
[Sat Jun 21 19:01:47 2025] [::1]:55698 Closed without sending a request; it was probably just an unused speculative preconnection
[Sat Jun 21 19:01:47 2025] [::1]:55698 Closing
[Sat Jun 21 19:01:47 2025] [::1]:55699 Closing
[Sat Jun 21 19:05:31 2025] [::1]:55755 Accepted
[Sat Jun 21 19:05:31 2025] [::1]:55756 Accepted
[Sat Jun 21 19:05:31 2025] [::1]:55755 Closed without sending a request; it was probably just an unused speculative preconnection
[Sat Jun 21 19:05:31 2025] [::1]:55755 Closing
[Sat Jun 21 19:05:31 2025] [::1]:55756 Closing
[Sat Jun 21 19:15:00 2025] [::1]:55879 Accepted
[Sat Jun 21 19:15:00 2025] [::1]:55880 Accepted
[Sat Jun 21 19:15:00 2025] [::1]:55879 Closed without sending a request; it was probably just an unused speculative preconnection
[Sat Jun 21 19:15:00 2025] [::1]:55879 Closing
[Sat Jun 21 19:15:00 2025] [::1]:55880 Closing
[Sat Jun 21 19:15:24 2025] [::1]:55894 Accepted
[Sat Jun 21 19:15:24 2025] [::1]:55895 Accepted
[Sat Jun 21 19:15:24 2025] [::1]:55894 Closed without sending a request; it was probably just an unused speculative preconnection
[Sat Jun 21 19:15:24 2025] [::1]:55894 Closing
[Sat Jun 21 19:15:24 2025] [::1]:55895 Closing
[Sat Jun 21 19:20:55 2025] [::1]:55967 Accepted
[Sat Jun 21 19:20:55 2025] [::1]:55968 Accepted
[Sat Jun 21 19:20:55 2025] [::1]:55967 Closed without sending a request; it was probably just an unused speculative preconnection
[Sat Jun 21 19:20:55 2025] [::1]:55967 Closing
[Sat Jun 21 19:20:55 2025] [::1]:55968 Closing
[Sat Jun 21 19:21:24 2025] [::1]:55986 Accepted
[Sat Jun 21 19:21:24 2025] [::1]:55987 Accepted
[Sat Jun 21 19:21:24 2025] [::1]:55986 Closed without sending a request; it was probably just an unused speculative preconnection
[Sat Jun 21 19:21:24 2025] [::1]:55986 Closing
[Sat Jun 21 19:21:24 2025] [::1]:55987 Closing
[Sat Jun 21 19:21:28 2025] [::1]:55992 Accepted
[Sat Jun 21 19:21:28 2025] [::1]:55992 Closed without sending a request; it was probably just an unused speculative preconnection
[Sat Jun 21 19:21:28 2025] [::1]:55992 Closing
[Sat Jun 21 19:21:28 2025] [::1]:55993 Accepted
[Sat Jun 21 19:21:28 2025] [::1]:55993 Closing
[Sat Jun 21 19:28:57 2025] [::1]:56073 Accepted
[Sat Jun 21 19:28:57 2025] [::1]:56074 Accepted
[Sat Jun 21 19:28:57 2025] [::1]:56073 Closed without sending a request; it was probably just an unused speculative preconnection
[Sat Jun 21 19:28:57 2025] [::1]:56073 Closing
[Sat Jun 21 19:28:57 2025] [::1]:56074 Closing
[Sat Jun 21 19:38:02 2025] [::1]:56217 Accepted
[Sat Jun 21 19:38:02 2025] [::1]:56218 Accepted
[Sat Jun 21 19:38:02 2025] [::1]:56217 Closed without sending a request; it was probably just an unused speculative preconnection
[Sat Jun 21 19:38:02 2025] [::1]:56217 Closing
[Sat Jun 21 19:38:02 2025] [::1]:56218 Closing
[Sat Jun 21 19:38:40 2025] [::1]:56234 Accepted
[Sat Jun 21 19:38:40 2025] [::1]:56235 Accepted
[Sat Jun 21 19:38:40 2025] [::1]:56234 Closed without sending a request; it was probably just an unused speculative preconnection
[Sat Jun 21 19:38:40 2025] [::1]:56234 Closing
[Sat Jun 21 19:38:40 2025] [::1]:56235 Closing
[Sat Jun 21 19:39:00 2025] [::1]:56241 Accepted
[Sat Jun 21 19:39:00 2025] [::1]:56242 Accepted
[Sat Jun 21 19:39:00 2025] [::1]:56241 Closed without sending a request; it was probably just an unused speculative preconnection
[Sat Jun 21 19:39:00 2025] [::1]:56241 Closing
[Sat Jun 21 19:39:00 2025] [::1]:56242 Closing
[Sat Jun 21 19:39:04 2025] [::1]:56246 Accepted
[Sat Jun 21 19:39:04 2025] [::1]:56247 Accepted
[Sat Jun 21 19:39:04 2025] [::1]:56246 Closed without sending a request; it was probably just an unused speculative preconnection
[Sat Jun 21 19:39:04 2025] [::1]:56246 Closing
[Sat Jun 21 19:39:04 2025] [::1]:56247 Closing
[Sat Jun 21 19:39:28 2025] [::1]:56259 Accepted
[Sat Jun 21 19:39:28 2025] [::1]:56260 Accepted
[Sat Jun 21 19:39:28 2025] [::1]:56259 Closed without sending a request; it was probably just an unused speculative preconnection
[Sat Jun 21 19:39:28 2025] [::1]:56259 Closing
[Sat Jun 21 19:39:29 2025] [::1]:56260 Closing
[Sat Jun 21 19:39:45 2025] [::1]:56268 Accepted
[Sat Jun 21 19:39:45 2025] [::1]:56269 Accepted
[Sat Jun 21 19:39:45 2025] [::1]:56268 Closed without sending a request; it was probably just an unused speculative preconnection
[Sat Jun 21 19:39:45 2025] [::1]:56268 Closing
[Sat Jun 21 19:39:45 2025] [::1]:56269 Closing
[Sat Jun 21 20:00:03 2025] [::1]:56526 Accepted
[Sat Jun 21 20:00:03 2025] [::1]:56527 Accepted
[Sat Jun 21 20:00:03 2025] [::1]:56526 Closed without sending a request; it was probably just an unused speculative preconnection
[Sat Jun 21 20:00:03 2025] [::1]:56526 Closing
[Sat Jun 21 20:00:03 2025] [::1]:56527 Closing
[Sat Jun 21 20:00:49 2025] [::1]:56547 Accepted
[Sat Jun 21 20:00:49 2025] [::1]:56548 Accepted
[Sat Jun 21 20:00:49 2025] [::1]:56547 Closed without sending a request; it was probably just an unused speculative preconnection
[Sat Jun 21 20:00:49 2025] [::1]:56547 Closing
[Sat Jun 21 20:00:49 2025] PHP Fatal error:  Declaration of App\Controllers\TableController::update() must be compatible with CodeIgniter\RESTful\ResourceController::update($id = null) in /Users/heejung/Documents/PHP/pos-api-ci4/app/Controllers/TableController.php on line 189
[Sat Jun 21 20:00:49 2025] [::1]:56548 Closing
[Sat Jun 21 20:02:23 2025] [::1]:56577 Accepted
[Sat Jun 21 20:02:23 2025] [::1]:56578 Accepted
[Sat Jun 21 20:02:23 2025] [::1]:56577 Closed without sending a request; it was probably just an unused speculative preconnection
[Sat Jun 21 20:02:23 2025] [::1]:56577 Closing
[Sat Jun 21 20:02:23 2025] [::1]:56578 Closing
[Sat Jun 21 20:04:50 2025] [::1]:56609 Accepted
[Sat Jun 21 20:04:50 2025] [::1]:56610 Accepted
[Sat Jun 21 20:04:50 2025] [::1]:56609 Closed without sending a request; it was probably just an unused speculative preconnection
[Sat Jun 21 20:04:50 2025] [::1]:56609 Closing
[Sat Jun 21 20:04:50 2025] [::1]:56610 Closing
[Sat Jun 21 20:04:53 2025] [::1]:56616 Accepted
[Sat Jun 21 20:04:53 2025] [::1]:56616 Closed without sending a request; it was probably just an unused speculative preconnection
[Sat Jun 21 20:04:53 2025] [::1]:56616 Closing
[Sat Jun 21 20:04:53 2025] [::1]:56617 Accepted
[Sat Jun 21 20:04:53 2025] [::1]:56617 Closing
[Sat Jun 21 20:08:07 2025] [::1]:56674 Accepted
[Sat Jun 21 20:08:07 2025] [::1]:56675 Accepted
[Sat Jun 21 20:08:07 2025] [::1]:56674 Closed without sending a request; it was probably just an unused speculative preconnection
[Sat Jun 21 20:08:07 2025] [::1]:56674 Closing
[Sat Jun 21 20:08:07 2025] [::1]:56675 Closing
[Sat Jun 21 20:09:21 2025] [::1]:56697 Accepted
[Sat Jun 21 20:09:21 2025] [::1]:56698 Accepted
[Sat Jun 21 20:09:21 2025] [::1]:56697 Closed without sending a request; it was probably just an unused speculative preconnection
[Sat Jun 21 20:09:21 2025] [::1]:56697 Closing
[Sat Jun 21 20:09:21 2025] [::1]:56698 Closing
[Sat Jun 21 20:10:01 2025] [::1]:56710 Accepted
[Sat Jun 21 20:10:01 2025] [::1]:56711 Accepted
[Sat Jun 21 20:10:01 2025] [::1]:56710 Closed without sending a request; it was probably just an unused speculative preconnection
[Sat Jun 21 20:10:01 2025] [::1]:56710 Closing
[Sat Jun 21 20:10:01 2025] [::1]:56711 Closing
[Sat Jun 21 20:10:28 2025] [::1]:56727 Accepted
[Sat Jun 21 20:10:28 2025] [::1]:56728 Accepted
[Sat Jun 21 20:10:28 2025] [::1]:56727 Closed without sending a request; it was probably just an unused speculative preconnection
[Sat Jun 21 20:10:28 2025] [::1]:56727 Closing
[Sat Jun 21 20:10:28 2025] [::1]:56728 Closing
[Sat Jun 21 20:11:17 2025] [::1]:56746 Accepted
[Sat Jun 21 20:11:17 2025] [::1]:56747 Accepted
[Sat Jun 21 20:11:17 2025] [::1]:56746 Closed without sending a request; it was probably just an unused speculative preconnection
[Sat Jun 21 20:11:17 2025] [::1]:56746 Closing
[Sat Jun 21 20:11:17 2025] [::1]:56747 Closing
[Sat Jun 21 20:11:30 2025] [::1]:56754 Accepted
[Sat Jun 21 20:11:30 2025] [::1]:56755 Accepted
[Sat Jun 21 20:11:30 2025] [::1]:56754 Closed without sending a request; it was probably just an unused speculative preconnection
[Sat Jun 21 20:11:30 2025] [::1]:56754 Closing
[Sat Jun 21 20:11:30 2025] [::1]:56755 Closing
[Sat Jun 21 20:16:17 2025] [::1]:56820 Accepted
[Sat Jun 21 20:16:17 2025] [::1]:56821 Accepted
[Sat Jun 21 20:16:17 2025] [::1]:56820 Closed without sending a request; it was probably just an unused speculative preconnection
[Sat Jun 21 20:16:17 2025] [::1]:56820 Closing
[Sat Jun 21 20:16:17 2025] PHP Fatal error:  Declaration of App\Controllers\TableController::update($serial) must be compatible with CodeIgniter\RESTful\ResourceController::update($id = null) in /Users/heejung/Documents/PHP/pos-api-ci4/app/Controllers/TableController.php on line 196
[Sat Jun 21 20:16:17 2025] [::1]:56821 Closing
[Sat Jun 21 20:17:32 2025] [::1]:56850 Accepted
[Sat Jun 21 20:17:32 2025] [::1]:56851 Accepted
[Sat Jun 21 20:17:32 2025] [::1]:56850 Closed without sending a request; it was probably just an unused speculative preconnection
[Sat Jun 21 20:17:32 2025] [::1]:56850 Closing
[Sat Jun 21 20:17:32 2025] [::1]:56851 Closing
[Sat Jun 21 20:18:33 2025] [::1]:56866 Accepted
[Sat Jun 21 20:18:33 2025] [::1]:56867 Accepted
[Sat Jun 21 20:18:33 2025] [::1]:56866 Closed without sending a request; it was probably just an unused speculative preconnection
[Sat Jun 21 20:18:33 2025] [::1]:56866 Closing
[Sat Jun 21 20:18:33 2025] [::1]:56867 Closing
[Sat Jun 21 20:21:42 2025] [::1]:56908 Accepted
[Sat Jun 21 20:21:42 2025] [::1]:56909 Accepted
[Sat Jun 21 20:21:42 2025] [::1]:56908 Closed without sending a request; it was probably just an unused speculative preconnection
[Sat Jun 21 20:21:42 2025] [::1]:56908 Closing
[Sat Jun 21 20:21:42 2025] [::1]:56909 Closing
[Sat Jun 21 20:21:43 2025] [::1]:56913 Accepted
[Sat Jun 21 20:21:43 2025] [::1]:56913 Closed without sending a request; it was probably just an unused speculative preconnection
[Sat Jun 21 20:21:43 2025] [::1]:56913 Closing
[Sat Jun 21 20:21:43 2025] [::1]:56914 Accepted
[Sat Jun 21 20:21:43 2025] [::1]:56914 Closing
[Sat Jun 21 20:22:24 2025] [::1]:56936 Accepted
[Sat Jun 21 20:22:24 2025] [::1]:56937 Accepted
[Sat Jun 21 20:22:24 2025] [::1]:56936 Closed without sending a request; it was probably just an unused speculative preconnection
[Sat Jun 21 20:22:24 2025] [::1]:56936 Closing
[Sat Jun 21 20:22:24 2025] [::1]:56937 Closing
[Sat Jun 21 20:24:13 2025] [::1]:56969 Accepted
[Sat Jun 21 20:24:13 2025] [::1]:56970 Accepted
[Sat Jun 21 20:24:13 2025] [::1]:56969 Closed without sending a request; it was probably just an unused speculative preconnection
[Sat Jun 21 20:24:13 2025] [::1]:56969 Closing
[Sat Jun 21 20:24:13 2025] [::1]:56970 Closing
[Sat Jun 21 20:24:49 2025] [::1]:56984 Accepted
[Sat Jun 21 20:24:49 2025] [::1]:56985 Accepted
[Sat Jun 21 20:24:49 2025] [::1]:56984 Closed without sending a request; it was probably just an unused speculative preconnection
[Sat Jun 21 20:24:49 2025] [::1]:56984 Closing
[Sat Jun 21 20:24:49 2025] [::1]:56985 Closing
[Sat Jun 21 20:35:16 2025] [::1]:57090 Accepted
[Sat Jun 21 20:35:16 2025] [::1]:57091 Accepted
[Sat Jun 21 20:35:16 2025] [::1]:57090 Closed without sending a request; it was probably just an unused speculative preconnection
[Sat Jun 21 20:35:16 2025] [::1]:57090 Closing
[Sat Jun 21 20:35:17 2025] [::1]:57091 Closing
[Sat Jun 21 20:36:12 2025] [::1]:57108 Accepted
[Sat Jun 21 20:36:12 2025] [::1]:57109 Accepted
[Sat Jun 21 20:36:12 2025] [::1]:57108 Closed without sending a request; it was probably just an unused speculative preconnection
[Sat Jun 21 20:36:12 2025] [::1]:57108 Closing
[Sat Jun 21 20:36:12 2025] [::1]:57109 Closing
[Sat Jun 21 20:38:32 2025] [::1]:57149 Accepted
[Sat Jun 21 20:38:32 2025] [::1]:57150 Accepted
[Sat Jun 21 20:38:32 2025] [::1]:57149 Closed without sending a request; it was probably just an unused speculative preconnection
[Sat Jun 21 20:38:32 2025] [::1]:57149 Closing
[Sat Jun 21 20:38:33 2025] [::1]:57150 Closing
[Sat Jun 21 20:41:48 2025] [::1]:57225 Accepted
[Sat Jun 21 20:41:48 2025] [::1]:57226 Accepted
[Sat Jun 21 20:41:48 2025] [::1]:57225 Closed without sending a request; it was probably just an unused speculative preconnection
[Sat Jun 21 20:41:48 2025] [::1]:57225 Closing
[Sat Jun 21 20:41:48 2025] [::1]:57226 Closing
[Sat Jun 21 20:43:00 2025] [::1]:57245 Accepted
[Sat Jun 21 20:43:00 2025] [::1]:57246 Accepted
[Sat Jun 21 20:43:00 2025] [::1]:57245 Closed without sending a request; it was probably just an unused speculative preconnection
[Sat Jun 21 20:43:00 2025] [::1]:57245 Closing
[Sat Jun 21 20:43:00 2025] [::1]:57246 Closing
[Sat Jun 21 20:43:50 2025] [::1]:57265 Accepted
[Sat Jun 21 20:43:50 2025] [::1]:57266 Accepted
[Sat Jun 21 20:43:50 2025] [::1]:57265 Closed without sending a request; it was probably just an unused speculative preconnection
[Sat Jun 21 20:43:50 2025] [::1]:57265 Closing
[Sat Jun 21 20:43:50 2025] [::1]:57266 Closing
[Sat Jun 21 20:45:16 2025] [::1]:57303 Accepted
[Sat Jun 21 20:45:16 2025] [::1]:57304 Accepted
[Sat Jun 21 20:45:16 2025] [::1]:57303 Closed without sending a request; it was probably just an unused speculative preconnection
[Sat Jun 21 20:45:16 2025] [::1]:57303 Closing
[Sat Jun 21 20:45:16 2025] [::1]:57304 Closing
[Sat Jun 21 20:45:37 2025] [::1]:57316 Accepted
[Sat Jun 21 20:45:37 2025] [::1]:57317 Accepted
[Sat Jun 21 20:45:37 2025] [::1]:57316 Closed without sending a request; it was probably just an unused speculative preconnection
[Sat Jun 21 20:45:37 2025] [::1]:57316 Closing
[Sat Jun 21 20:45:38 2025] [::1]:57317 Closing
[Sat Jun 21 20:45:55 2025] [::1]:57326 Accepted
[Sat Jun 21 20:45:55 2025] [::1]:57327 Accepted
[Sat Jun 21 20:45:55 2025] [::1]:57326 Closed without sending a request; it was probably just an unused speculative preconnection
[Sat Jun 21 20:45:55 2025] [::1]:57326 Closing
[Sat Jun 21 20:45:55 2025] [::1]:57327 Closing
[Sat Jun 21 20:47:48 2025] [::1]:57351 Accepted
[Sat Jun 21 20:47:48 2025] [::1]:57352 Accepted
[Sat Jun 21 20:47:48 2025] [::1]:57351 Closed without sending a request; it was probably just an unused speculative preconnection
[Sat Jun 21 20:47:48 2025] [::1]:57351 Closing
[Sat Jun 21 20:47:48 2025] [::1]:57352 Closing
[Sat Jun 21 20:48:15 2025] [::1]:57361 Accepted
[Sat Jun 21 20:48:15 2025] [::1]:57362 Accepted
[Sat Jun 21 20:48:15 2025] [::1]:57361 Closed without sending a request; it was probably just an unused speculative preconnection
[Sat Jun 21 20:48:15 2025] [::1]:57361 Closing
[Sat Jun 21 20:48:15 2025] [::1]:57362 Closing
[Sat Jun 21 20:50:20 2025] [::1]:57396 Accepted
[Sat Jun 21 20:50:20 2025] [::1]:57397 Accepted
[Sat Jun 21 20:50:20 2025] [::1]:57396 Closed without sending a request; it was probably just an unused speculative preconnection
[Sat Jun 21 20:50:20 2025] [::1]:57396 Closing
[Sat Jun 21 20:50:20 2025] [::1]:57397 Closing
[Sat Jun 21 20:50:33 2025] [::1]:57405 Accepted
[Sat Jun 21 20:50:33 2025] [::1]:57406 Accepted
[Sat Jun 21 20:50:33 2025] [::1]:57405 Closed without sending a request; it was probably just an unused speculative preconnection
[Sat Jun 21 20:50:33 2025] [::1]:57405 Closing
[Sat Jun 21 20:50:33 2025] [::1]:57406 Closing
[Sat Jun 21 20:51:04 2025] [::1]:57419 Accepted
[Sat Jun 21 20:51:04 2025] [::1]:57420 Accepted
[Sat Jun 21 20:51:04 2025] [::1]:57419 Closed without sending a request; it was probably just an unused speculative preconnection
[Sat Jun 21 20:51:04 2025] [::1]:57419 Closing
[Sat Jun 21 20:51:04 2025] [::1]:57420 Closing
[Sat Jun 21 20:52:14 2025] [::1]:57443 Accepted
[Sat Jun 21 20:52:14 2025] [::1]:57444 Accepted
[Sat Jun 21 20:52:14 2025] [::1]:57443 Closed without sending a request; it was probably just an unused speculative preconnection
[Sat Jun 21 20:52:14 2025] [::1]:57443 Closing
[Sat Jun 21 20:52:14 2025] [::1]:57444 Closing
[Sat Jun 21 20:52:33 2025] [::1]:57455 Accepted
[Sat Jun 21 20:52:33 2025] [::1]:57456 Accepted
[Sat Jun 21 20:52:33 2025] [::1]:57455 Closed without sending a request; it was probably just an unused speculative preconnection
[Sat Jun 21 20:52:33 2025] [::1]:57455 Closing
[Sat Jun 21 20:52:33 2025] [::1]:57456 Closing
[Sat Jun 21 20:52:46 2025] [::1]:57464 Accepted
[Sat Jun 21 20:52:46 2025] [::1]:57465 Accepted
[Sat Jun 21 20:52:46 2025] [::1]:57464 Closed without sending a request; it was probably just an unused speculative preconnection
[Sat Jun 21 20:52:46 2025] [::1]:57464 Closing
[Sat Jun 21 20:52:46 2025] [::1]:57465 Closing
[Sat Jun 21 20:53:29 2025] [::1]:57483 Accepted
[Sat Jun 21 20:53:29 2025] [::1]:57483 Closed without sending a request; it was probably just an unused speculative preconnection
[Sat Jun 21 20:53:29 2025] [::1]:57483 Closing
[Sat Jun 21 20:53:29 2025] [::1]:57484 Accepted
[Sat Jun 21 20:53:29 2025] [::1]:57484 Closing
[Sat Jun 21 20:54:22 2025] [::1]:57508 Accepted
[Sat Jun 21 20:54:22 2025] [::1]:57509 Accepted
[Sat Jun 21 20:54:22 2025] [::1]:57508 Closed without sending a request; it was probably just an unused speculative preconnection
[Sat Jun 21 20:54:22 2025] [::1]:57508 Closing
[Sat Jun 21 20:54:22 2025] [::1]:57509 Closing
[Sat Jun 21 20:54:55 2025] [::1]:57520 Accepted
[Sat Jun 21 20:54:55 2025] [::1]:57521 Accepted
[Sat Jun 21 20:54:55 2025] [::1]:57520 Closed without sending a request; it was probably just an unused speculative preconnection
[Sat Jun 21 20:54:55 2025] [::1]:57520 Closing
[Sat Jun 21 20:54:55 2025] [::1]:57521 Closing
[Sat Jun 21 20:58:06 2025] [::1]:57583 Accepted
[Sat Jun 21 20:58:06 2025] [::1]:57584 Accepted
[Sat Jun 21 20:58:06 2025] [::1]:57583 Closed without sending a request; it was probably just an unused speculative preconnection
[Sat Jun 21 20:58:06 2025] [::1]:57583 Closing
[Sat Jun 21 20:58:06 2025] [::1]:57584 Closing
[Sat Jun 21 20:58:13 2025] [::1]:57590 Accepted
[Sat Jun 21 20:58:13 2025] [::1]:57591 Accepted
[Sat Jun 21 20:58:13 2025] [::1]:57590 Closed without sending a request; it was probably just an unused speculative preconnection
[Sat Jun 21 20:58:13 2025] [::1]:57590 Closing
[Sat Jun 21 20:58:13 2025] [::1]:57591 Closing
[Sat Jun 21 20:58:32 2025] [::1]:57604 Accepted
[Sat Jun 21 20:58:32 2025] [::1]:57605 Accepted
[Sat Jun 21 20:58:32 2025] [::1]:57604 Closed without sending a request; it was probably just an unused speculative preconnection
[Sat Jun 21 20:58:32 2025] [::1]:57604 Closing
[Sat Jun 21 20:58:32 2025] [::1]:57605 Closing
[Sat Jun 21 20:58:45 2025] [::1]:57614 Accepted
[Sat Jun 21 20:58:45 2025] [::1]:57615 Accepted
[Sat Jun 21 20:58:45 2025] [::1]:57614 Closed without sending a request; it was probably just an unused speculative preconnection
[Sat Jun 21 20:58:45 2025] [::1]:57614 Closing
[Sat Jun 21 20:58:45 2025] [::1]:57615 Closing
[Sun Jun 22 13:40:12 2025] [::1]:61868 Accepted
[Sun Jun 22 13:40:12 2025] [::1]:61869 Accepted
[Sun Jun 22 13:40:12 2025] [::1]:61868 Closed without sending a request; it was probably just an unused speculative preconnection
[Sun Jun 22 13:40:12 2025] [::1]:61868 Closing
[Sun Jun 22 13:40:13 2025] [::1]:61869 Closing
[Sun Jun 22 13:42:00 2025] [::1]:61951 Accepted
[Sun Jun 22 13:42:00 2025] [::1]:61952 Accepted
[Sun Jun 22 13:42:00 2025] [::1]:61951 Closed without sending a request; it was probably just an unused speculative preconnection
[Sun Jun 22 13:42:00 2025] [::1]:61951 Closing
[Sun Jun 22 13:42:00 2025] [::1]:61952 Closing
[Sun Jun 22 13:42:24 2025] [::1]:61976 Accepted
[Sun Jun 22 13:42:24 2025] [::1]:61977 Accepted
[Sun Jun 22 13:42:24 2025] [::1]:61976 Closed without sending a request; it was probably just an unused speculative preconnection
[Sun Jun 22 13:42:24 2025] [::1]:61976 Closing
[Sun Jun 22 13:42:24 2025] [::1]:61977 Closing
[Sun Jun 22 13:42:43 2025] [::1]:61995 Accepted
[Sun Jun 22 13:42:43 2025] [::1]:61996 Accepted
[Sun Jun 22 13:42:43 2025] [::1]:61995 Closed without sending a request; it was probably just an unused speculative preconnection
[Sun Jun 22 13:42:43 2025] [::1]:61995 Closing
[Sun Jun 22 13:42:43 2025] [::1]:61996 Closing
[Sun Jun 22 13:43:02 2025] [::1]:62016 Accepted
[Sun Jun 22 13:43:02 2025] [::1]:62017 Accepted
[Sun Jun 22 13:43:02 2025] [::1]:62016 Closed without sending a request; it was probably just an unused speculative preconnection
[Sun Jun 22 13:43:02 2025] [::1]:62016 Closing
[Sun Jun 22 13:43:02 2025] [::1]:62017 Closing
[Sun Jun 22 13:43:29 2025] [::1]:62034 Accepted
[Sun Jun 22 13:43:29 2025] [::1]:62035 Accepted
[Sun Jun 22 13:43:29 2025] [::1]:62034 Closed without sending a request; it was probably just an unused speculative preconnection
[Sun Jun 22 13:43:29 2025] [::1]:62034 Closing
[Sun Jun 22 13:43:29 2025] [::1]:62035 Closing
[Sun Jun 22 13:43:55 2025] [::1]:62053 Accepted
[Sun Jun 22 13:43:55 2025] [::1]:62054 Accepted
[Sun Jun 22 13:43:55 2025] [::1]:62053 Closed without sending a request; it was probably just an unused speculative preconnection
[Sun Jun 22 13:43:55 2025] [::1]:62053 Closing
[Sun Jun 22 13:43:55 2025] [::1]:62054 Closing
[Sun Jun 22 13:44:57 2025] [::1]:62109 Accepted
[Sun Jun 22 13:44:57 2025] [::1]:62110 Accepted
[Sun Jun 22 13:44:57 2025] [::1]:62109 Closed without sending a request; it was probably just an unused speculative preconnection
[Sun Jun 22 13:44:57 2025] [::1]:62109 Closing
[Sun Jun 22 13:44:57 2025] [::1]:62110 Closing
[Sun Jun 22 13:46:42 2025] [::1]:62182 Accepted
[Sun Jun 22 13:46:42 2025] [::1]:62183 Accepted
[Sun Jun 22 13:46:42 2025] [::1]:62182 Closed without sending a request; it was probably just an unused speculative preconnection
[Sun Jun 22 13:46:42 2025] [::1]:62182 Closing
[Sun Jun 22 13:46:42 2025] [::1]:62183 Closing
[Sun Jun 22 13:47:14 2025] [::1]:62208 Accepted
[Sun Jun 22 13:47:14 2025] [::1]:62209 Accepted
[Sun Jun 22 13:47:14 2025] [::1]:62208 Closed without sending a request; it was probably just an unused speculative preconnection
[Sun Jun 22 13:47:14 2025] [::1]:62208 Closing
[Sun Jun 22 13:47:14 2025] [::1]:62209 Closing
[Sun Jun 22 13:48:13 2025] [::1]:62260 Accepted
[Sun Jun 22 13:48:13 2025] [::1]:62261 Accepted
[Sun Jun 22 13:48:13 2025] [::1]:62260 Closed without sending a request; it was probably just an unused speculative preconnection
[Sun Jun 22 13:48:13 2025] [::1]:62260 Closing
[Sun Jun 22 13:48:14 2025] [::1]:62261 Closing
[Sun Jun 22 13:49:22 2025] [::1]:62327 Accepted
[Sun Jun 22 13:49:22 2025] [::1]:62328 Accepted
[Sun Jun 22 13:49:22 2025] [::1]:62327 Closed without sending a request; it was probably just an unused speculative preconnection
[Sun Jun 22 13:49:22 2025] [::1]:62327 Closing
[Sun Jun 22 13:49:23 2025] [::1]:62328 Closing
[Sun Jun 22 13:50:58 2025] [::1]:62456 Accepted
[Sun Jun 22 13:50:58 2025] [::1]:62457 Accepted
[Sun Jun 22 13:50:58 2025] [::1]:62456 Closed without sending a request; it was probably just an unused speculative preconnection
[Sun Jun 22 13:50:58 2025] [::1]:62456 Closing
[Sun Jun 22 13:50:59 2025] [::1]:62457 Closing
[Sun Jun 22 13:52:53 2025] [::1]:62528 Accepted
[Sun Jun 22 13:52:53 2025] [::1]:62529 Accepted
[Sun Jun 22 13:52:53 2025] [::1]:62528 Closed without sending a request; it was probably just an unused speculative preconnection
[Sun Jun 22 13:52:53 2025] [::1]:62528 Closing
[Sun Jun 22 13:52:55 2025] [::1]:62529 Closing
[Sun Jun 22 13:52:59 2025] [::1]:62543 Accepted
[Sun Jun 22 13:52:59 2025] [::1]:62544 Accepted
[Sun Jun 22 13:52:59 2025] [::1]:62543 Closed without sending a request; it was probably just an unused speculative preconnection
[Sun Jun 22 13:52:59 2025] [::1]:62543 Closing
[Sun Jun 22 13:53:00 2025] [::1]:62544 Closing
[Sun Jun 22 13:53:17 2025] [::1]:62576 Accepted
[Sun Jun 22 13:53:17 2025] [::1]:62577 Accepted
[Sun Jun 22 13:53:17 2025] [::1]:62576 Closed without sending a request; it was probably just an unused speculative preconnection
[Sun Jun 22 13:53:17 2025] [::1]:62576 Closing
[Sun Jun 22 13:53:19 2025] [::1]:62577 Closing
[Sun Jun 22 13:54:19 2025] [::1]:62624 Accepted
[Sun Jun 22 13:54:19 2025] [::1]:62625 Accepted
[Sun Jun 22 13:54:19 2025] [::1]:62624 Closed without sending a request; it was probably just an unused speculative preconnection
[Sun Jun 22 13:54:19 2025] [::1]:62624 Closing
[Sun Jun 22 13:54:19 2025] [::1]:62625 Closing
[Sun Jun 22 13:56:14 2025] [::1]:62680 Accepted
[Sun Jun 22 13:56:14 2025] [::1]:62681 Accepted
[Sun Jun 22 13:56:14 2025] [::1]:62680 Closed without sending a request; it was probably just an unused speculative preconnection
[Sun Jun 22 13:56:14 2025] [::1]:62680 Closing
[Sun Jun 22 13:56:15 2025] [::1]:62681 Closing
[Sun Jun 22 13:56:50 2025] [::1]:62688 Accepted
[Sun Jun 22 13:56:50 2025] [::1]:62689 Accepted
[Sun Jun 22 13:56:50 2025] [::1]:62688 Closed without sending a request; it was probably just an unused speculative preconnection
[Sun Jun 22 13:56:50 2025] [::1]:62688 Closing
[Sun Jun 22 13:56:50 2025] [::1]:62689 Closing
[Sun Jun 22 13:57:01 2025] [::1]:62698 Accepted
[Sun Jun 22 13:57:01 2025] [::1]:62699 Accepted
[Sun Jun 22 13:57:01 2025] [::1]:62698 Closed without sending a request; it was probably just an unused speculative preconnection
[Sun Jun 22 13:57:01 2025] [::1]:62698 Closing
[Sun Jun 22 13:57:01 2025] [::1]:62699 Closing
[Sun Jun 22 13:57:18 2025] [::1]:62707 Accepted
[Sun Jun 22 13:57:18 2025] [::1]:62708 Accepted
[Sun Jun 22 13:57:18 2025] [::1]:62707 Closed without sending a request; it was probably just an unused speculative preconnection
[Sun Jun 22 13:57:18 2025] [::1]:62707 Closing
[Sun Jun 22 13:57:18 2025] [::1]:62708 Closing
[Sun Jun 22 13:57:26 2025] [::1]:62713 Accepted
[Sun Jun 22 13:57:26 2025] [::1]:62714 Accepted
[Sun Jun 22 13:57:26 2025] [::1]:62713 Closed without sending a request; it was probably just an unused speculative preconnection
[Sun Jun 22 13:57:26 2025] [::1]:62713 Closing
[Sun Jun 22 13:57:26 2025] [::1]:62714 Closing
[Sun Jun 22 13:57:38 2025] [::1]:62738 Accepted
[Sun Jun 22 13:57:38 2025] [::1]:62739 Accepted
[Sun Jun 22 13:57:38 2025] [::1]:62738 Closed without sending a request; it was probably just an unused speculative preconnection
[Sun Jun 22 13:57:38 2025] [::1]:62738 Closing
[Sun Jun 22 13:57:38 2025] [::1]:62739 Closing
[Sun Jun 22 13:57:41 2025] [::1]:62751 Accepted
[Sun Jun 22 13:57:41 2025] [::1]:62752 Accepted
[Sun Jun 22 13:57:41 2025] [::1]:62751 Closed without sending a request; it was probably just an unused speculative preconnection
[Sun Jun 22 13:57:41 2025] [::1]:62751 Closing
[Sun Jun 22 13:57:41 2025] [::1]:62752 Closing
[Sun Jun 22 13:58:32 2025] [::1]:62777 Accepted
[Sun Jun 22 13:58:32 2025] [::1]:62778 Accepted
[Sun Jun 22 13:58:32 2025] [::1]:62777 Closed without sending a request; it was probably just an unused speculative preconnection
[Sun Jun 22 13:58:32 2025] [::1]:62777 Closing
[Sun Jun 22 13:58:32 2025] [::1]:62778 Closing
[Sun Jun 22 13:58:59 2025] [::1]:62795 Accepted
[Sun Jun 22 13:58:59 2025] [::1]:62796 Accepted
[Sun Jun 22 13:58:59 2025] [::1]:62795 Closed without sending a request; it was probably just an unused speculative preconnection
[Sun Jun 22 13:58:59 2025] [::1]:62795 Closing
[Sun Jun 22 13:58:59 2025] [::1]:62796 Closing
[Sun Jun 22 16:24:29 2025] [::1]:63896 Accepted
[Sun Jun 22 16:24:29 2025] [::1]:63897 Accepted
[Sun Jun 22 16:24:29 2025] [::1]:63896 Closed without sending a request; it was probably just an unused speculative preconnection
[Sun Jun 22 16:24:29 2025] [::1]:63896 Closing
[Sun Jun 22 16:24:29 2025] [::1]:63897 Closing
[Sun Jun 22 16:24:36 2025] [::1]:63903 Accepted
[Sun Jun 22 16:24:36 2025] [::1]:63904 Accepted
[Sun Jun 22 16:24:36 2025] [::1]:63903 Closed without sending a request; it was probably just an unused speculative preconnection
[Sun Jun 22 16:24:36 2025] [::1]:63903 Closing
[Sun Jun 22 16:24:36 2025] [::1]:63904 Closing
[Sun Jun 22 16:24:56 2025] [::1]:63911 Accepted
[Sun Jun 22 16:24:56 2025] [::1]:63911 Closed without sending a request; it was probably just an unused speculative preconnection
[Sun Jun 22 16:24:56 2025] [::1]:63911 Closing
[Sun Jun 22 16:24:56 2025] [::1]:63912 Accepted
[Sun Jun 22 16:24:56 2025] [::1]:63912 Closing
[Sun Jun 22 16:28:06 2025] [::1]:63965 Accepted
[Sun Jun 22 16:28:06 2025] [::1]:63966 Accepted
[Sun Jun 22 16:28:06 2025] [::1]:63965 Closed without sending a request; it was probably just an unused speculative preconnection
[Sun Jun 22 16:28:06 2025] [::1]:63965 Closing
[Sun Jun 22 16:28:06 2025] [::1]:63966 Closing
[Sun Jun 22 16:28:19 2025] [::1]:63971 Accepted
[Sun Jun 22 16:28:19 2025] [::1]:63972 Accepted
[Sun Jun 22 16:28:19 2025] [::1]:63971 Closed without sending a request; it was probably just an unused speculative preconnection
[Sun Jun 22 16:28:19 2025] [::1]:63971 Closing
[Sun Jun 22 16:28:19 2025] [::1]:63972 Closing
[Sun Jun 22 16:28:34 2025] [::1]:63981 Accepted
[Sun Jun 22 16:28:34 2025] [::1]:63981 Closed without sending a request; it was probably just an unused speculative preconnection
[Sun Jun 22 16:28:34 2025] [::1]:63981 Closing
[Sun Jun 22 16:28:34 2025] [::1]:63982 Accepted
[Sun Jun 22 16:28:34 2025] [::1]:63982 Closing
[Sun Jun 22 16:28:48 2025] [::1]:63988 Accepted
[Sun Jun 22 16:28:48 2025] [::1]:63989 Accepted
[Sun Jun 22 16:28:48 2025] [::1]:63988 Closed without sending a request; it was probably just an unused speculative preconnection
[Sun Jun 22 16:28:48 2025] [::1]:63988 Closing
[Sun Jun 22 16:28:48 2025] [::1]:63989 Closing
[Sun Jun 22 16:29:00 2025] [::1]:64000 Accepted
[Sun Jun 22 16:29:00 2025] [::1]:64001 Accepted
[Sun Jun 22 16:29:00 2025] [::1]:64000 Closed without sending a request; it was probably just an unused speculative preconnection
[Sun Jun 22 16:29:00 2025] [::1]:64000 Closing
[Sun Jun 22 16:29:00 2025] [::1]:64001 Closing
[Sun Jun 22 16:30:14 2025] [::1]:64023 Accepted
[Sun Jun 22 16:30:14 2025] [::1]:64024 Accepted
[Sun Jun 22 16:30:14 2025] [::1]:64023 Closed without sending a request; it was probably just an unused speculative preconnection
[Sun Jun 22 16:30:14 2025] [::1]:64023 Closing
[Sun Jun 22 16:30:14 2025] [::1]:64024 Closing
[Sun Jun 22 16:31:03 2025] [::1]:64037 Accepted
[Sun Jun 22 16:31:03 2025] [::1]:64038 Accepted
[Sun Jun 22 16:31:03 2025] [::1]:64037 Closed without sending a request; it was probably just an unused speculative preconnection
[Sun Jun 22 16:31:03 2025] [::1]:64037 Closing
[Sun Jun 22 16:31:03 2025] [::1]:64038 Closing
[Sun Jun 22 16:31:15 2025] [::1]:64043 Accepted
[Sun Jun 22 16:31:15 2025] [::1]:64044 Accepted
[Sun Jun 22 16:31:15 2025] [::1]:64043 Closed without sending a request; it was probably just an unused speculative preconnection
[Sun Jun 22 16:31:15 2025] [::1]:64043 Closing
[Sun Jun 22 16:31:15 2025] [::1]:64044 Closing
[Sun Jun 22 16:40:40 2025] [::1]:64119 Accepted
[Sun Jun 22 16:40:40 2025] [::1]:64120 Accepted
[Sun Jun 22 16:40:40 2025] [::1]:64119 Closed without sending a request; it was probably just an unused speculative preconnection
[Sun Jun 22 16:40:40 2025] [::1]:64119 Closing
[Sun Jun 22 16:40:40 2025] [::1]:64120 Closing
[Sun Jun 22 16:41:15 2025] [::1]:64133 Accepted
[Sun Jun 22 16:41:15 2025] [::1]:64134 Accepted
[Sun Jun 22 16:41:15 2025] [::1]:64133 Closed without sending a request; it was probably just an unused speculative preconnection
[Sun Jun 22 16:41:15 2025] [::1]:64133 Closing
[Sun Jun 22 16:41:15 2025] [::1]:64134 Closing
[Sun Jun 22 16:41:38 2025] [::1]:64146 Accepted
[Sun Jun 22 16:41:38 2025] [::1]:64147 Accepted
[Sun Jun 22 16:41:38 2025] [::1]:64146 Closed without sending a request; it was probably just an unused speculative preconnection
[Sun Jun 22 16:41:38 2025] [::1]:64146 Closing
[Sun Jun 22 16:41:38 2025] [::1]:64147 Closing
[Sun Jun 22 16:42:04 2025] [::1]:64159 Accepted
[Sun Jun 22 16:42:04 2025] [::1]:64160 Accepted
[Sun Jun 22 16:42:04 2025] [::1]:64159 Closed without sending a request; it was probably just an unused speculative preconnection
[Sun Jun 22 16:42:04 2025] [::1]:64159 Closing
[Sun Jun 22 16:42:04 2025] [::1]:64160 Closing
[Sun Jun 22 16:49:01 2025] [::1]:64265 Accepted
[Sun Jun 22 16:49:01 2025] [::1]:64266 Accepted
[Sun Jun 22 16:49:01 2025] [::1]:64265 Closed without sending a request; it was probably just an unused speculative preconnection
[Sun Jun 22 16:49:01 2025] [::1]:64265 Closing
[Sun Jun 22 16:49:01 2025] [::1]:64266 Closing
[Sun Jun 22 16:49:15 2025] [::1]:64277 Accepted
[Sun Jun 22 16:49:15 2025] [::1]:64278 Accepted
[Sun Jun 22 16:49:15 2025] [::1]:64277 Closed without sending a request; it was probably just an unused speculative preconnection
[Sun Jun 22 16:49:15 2025] [::1]:64277 Closing
[Sun Jun 22 16:49:15 2025] [::1]:64278 Closing
[Sun Jun 22 16:54:21 2025] [::1]:64365 Accepted
[Sun Jun 22 16:54:21 2025] [::1]:64366 Accepted
[Sun Jun 22 16:54:21 2025] [::1]:64365 Closed without sending a request; it was probably just an unused speculative preconnection
[Sun Jun 22 16:54:21 2025] [::1]:64365 Closing
[Sun Jun 22 16:54:21 2025] [::1]:64366 Closing
[Sun Jun 22 16:54:46 2025] [::1]:64376 Accepted
[Sun Jun 22 16:54:46 2025] [::1]:64377 Accepted
[Sun Jun 22 16:54:46 2025] [::1]:64376 Closed without sending a request; it was probably just an unused speculative preconnection
[Sun Jun 22 16:54:46 2025] [::1]:64376 Closing
[Sun Jun 22 16:54:46 2025] [::1]:64377 Closing
[Sun Jun 22 16:55:00 2025] [::1]:64387 Accepted
[Sun Jun 22 16:55:00 2025] [::1]:64388 Accepted
[Sun Jun 22 16:55:00 2025] [::1]:64387 Closed without sending a request; it was probably just an unused speculative preconnection
[Sun Jun 22 16:55:00 2025] [::1]:64387 Closing
[Sun Jun 22 16:55:00 2025] [::1]:64388 Closing
[Sun Jun 22 16:56:36 2025] [::1]:64412 Accepted
[Sun Jun 22 16:56:36 2025] [::1]:64413 Accepted
[Sun Jun 22 16:56:36 2025] [::1]:64412 Closed without sending a request; it was probably just an unused speculative preconnection
[Sun Jun 22 16:56:36 2025] [::1]:64412 Closing
[Sun Jun 22 16:56:36 2025] [::1]:64413 Closing
[Sun Jun 22 16:58:35 2025] [::1]:64463 Accepted
[Sun Jun 22 16:58:35 2025] [::1]:64464 Accepted
[Sun Jun 22 16:58:35 2025] [::1]:64463 Closed without sending a request; it was probably just an unused speculative preconnection
[Sun Jun 22 16:58:35 2025] [::1]:64463 Closing
[Sun Jun 22 16:58:35 2025] [::1]:64464 Closing
[Sun Jun 22 16:59:23 2025] [::1]:64481 Accepted
[Sun Jun 22 16:59:23 2025] [::1]:64482 Accepted
[Sun Jun 22 16:59:23 2025] [::1]:64481 Closed without sending a request; it was probably just an unused speculative preconnection
[Sun Jun 22 16:59:23 2025] [::1]:64481 Closing
[Sun Jun 22 16:59:23 2025] [::1]:64482 Closing
[Sun Jun 22 17:00:42 2025] [::1]:64506 Accepted
[Sun Jun 22 17:00:42 2025] [::1]:64507 Accepted
[Sun Jun 22 17:00:42 2025] [::1]:64506 Closed without sending a request; it was probably just an unused speculative preconnection
[Sun Jun 22 17:00:42 2025] [::1]:64506 Closing
[Sun Jun 22 17:00:42 2025] [::1]:64507 Closing
[Sun Jun 22 17:03:19 2025] [::1]:64547 Accepted
[Sun Jun 22 17:03:19 2025] [::1]:64548 Accepted
[Sun Jun 22 17:03:19 2025] [::1]:64547 Closed without sending a request; it was probably just an unused speculative preconnection
[Sun Jun 22 17:03:19 2025] [::1]:64547 Closing
[Sun Jun 22 17:03:19 2025] [::1]:64548 Closing
[Sun Jun 22 17:03:33 2025] [::1]:64554 Accepted
[Sun Jun 22 17:03:33 2025] [::1]:64555 Accepted
[Sun Jun 22 17:03:33 2025] [::1]:64554 Closed without sending a request; it was probably just an unused speculative preconnection
[Sun Jun 22 17:03:33 2025] [::1]:64554 Closing
[Sun Jun 22 17:03:33 2025] [::1]:64555 Closing
[Sun Jun 22 17:03:51 2025] [::1]:64560 Accepted
[Sun Jun 22 17:03:51 2025] [::1]:64561 Accepted
[Sun Jun 22 17:03:51 2025] [::1]:64560 Closed without sending a request; it was probably just an unused speculative preconnection
[Sun Jun 22 17:03:51 2025] [::1]:64560 Closing
[Sun Jun 22 17:03:51 2025] [::1]:64561 Closing
[Sun Jun 22 17:04:41 2025] [::1]:64574 Accepted
[Sun Jun 22 17:04:41 2025] [::1]:64575 Accepted
[Sun Jun 22 17:04:41 2025] [::1]:64574 Closed without sending a request; it was probably just an unused speculative preconnection
[Sun Jun 22 17:04:41 2025] [::1]:64574 Closing
[Sun Jun 22 17:04:41 2025] [::1]:64575 Closing
[Sun Jun 22 17:08:38 2025] [::1]:64616 Accepted
[Sun Jun 22 17:08:38 2025] [::1]:64617 Accepted
[Sun Jun 22 17:08:38 2025] [::1]:64616 Closed without sending a request; it was probably just an unused speculative preconnection
[Sun Jun 22 17:08:38 2025] [::1]:64616 Closing
[Sun Jun 22 17:08:38 2025] [::1]:64617 Closing
[Sun Jun 22 17:10:29 2025] [::1]:64646 Accepted
[Sun Jun 22 17:10:29 2025] [::1]:64647 Accepted
[Sun Jun 22 17:10:29 2025] [::1]:64646 Closed without sending a request; it was probably just an unused speculative preconnection
[Sun Jun 22 17:10:29 2025] [::1]:64646 Closing
[Sun Jun 22 17:10:29 2025] [::1]:64647 Closing
[Sun Jun 22 17:11:10 2025] [::1]:64661 Accepted
[Sun Jun 22 17:11:10 2025] [::1]:64662 Accepted
[Sun Jun 22 17:11:10 2025] [::1]:64661 Closed without sending a request; it was probably just an unused speculative preconnection
[Sun Jun 22 17:11:10 2025] [::1]:64661 Closing
[Sun Jun 22 17:11:10 2025] [::1]:64662 Closing
[Sun Jun 22 17:16:58 2025] [::1]:64745 Accepted
[Sun Jun 22 17:16:58 2025] [::1]:64746 Accepted
[Sun Jun 22 17:16:58 2025] [::1]:64745 Closed without sending a request; it was probably just an unused speculative preconnection
[Sun Jun 22 17:16:58 2025] [::1]:64745 Closing
[Sun Jun 22 17:16:58 2025] PHP Warning:  PHP Request Startup: Missing boundary in multipart/form-data POST data in Unknown on line 0
[Sun Jun 22 17:16:58 2025] [::1]:64746 Closing
[Sun Jun 22 17:17:11 2025] [::1]:64752 Accepted
[Sun Jun 22 17:17:11 2025] [::1]:64753 Accepted
[Sun Jun 22 17:17:11 2025] [::1]:64752 Closed without sending a request; it was probably just an unused speculative preconnection
[Sun Jun 22 17:17:11 2025] [::1]:64752 Closing
[Sun Jun 22 17:17:11 2025] [::1]:64753 Closing
[Sun Jun 22 17:17:40 2025] [::1]:64765 Accepted
[Sun Jun 22 17:17:40 2025] [::1]:64766 Accepted
[Sun Jun 22 17:17:40 2025] [::1]:64765 Closed without sending a request; it was probably just an unused speculative preconnection
[Sun Jun 22 17:17:40 2025] [::1]:64765 Closing
[Sun Jun 22 17:17:40 2025] [::1]:64766 Closing
[Sun Jun 22 17:22:09 2025] [::1]:64816 Accepted
[Sun Jun 22 17:22:09 2025] [::1]:64817 Accepted
[Sun Jun 22 17:22:09 2025] [::1]:64816 Closed without sending a request; it was probably just an unused speculative preconnection
[Sun Jun 22 17:22:09 2025] [::1]:64816 Closing
[Sun Jun 22 17:22:09 2025] [::1]:64817 Closing
[Sun Jun 22 17:24:13 2025] [::1]:64853 Accepted
[Sun Jun 22 17:24:13 2025] [::1]:64854 Accepted
[Sun Jun 22 17:24:13 2025] [::1]:64853 Closed without sending a request; it was probably just an unused speculative preconnection
[Sun Jun 22 17:24:13 2025] [::1]:64853 Closing
[Sun Jun 22 17:24:13 2025] [::1]:64854 Closing
[Sun Jun 22 17:24:33 2025] [::1]:64863 Accepted
[Sun Jun 22 17:24:33 2025] [::1]:64864 Accepted
[Sun Jun 22 17:24:33 2025] [::1]:64863 Closed without sending a request; it was probably just an unused speculative preconnection
[Sun Jun 22 17:24:33 2025] [::1]:64863 Closing
[Sun Jun 22 17:24:33 2025] [::1]:64864 Closing
[Sun Jun 22 17:27:52 2025] [::1]:64909 Accepted
[Sun Jun 22 17:27:52 2025] [::1]:64910 Accepted
[Sun Jun 22 17:27:52 2025] [::1]:64909 Closed without sending a request; it was probably just an unused speculative preconnection
[Sun Jun 22 17:27:52 2025] [::1]:64909 Closing
[Sun Jun 22 17:27:52 2025] [::1]:64910 Closing
[Sun Jun 22 17:28:08 2025] [::1]:64917 Accepted
[Sun Jun 22 17:28:08 2025] [::1]:64918 Accepted
[Sun Jun 22 17:28:08 2025] [::1]:64917 Closed without sending a request; it was probably just an unused speculative preconnection
[Sun Jun 22 17:28:08 2025] [::1]:64917 Closing
[Sun Jun 22 17:28:08 2025] [::1]:64918 Closing
[Sun Jun 22 17:28:11 2025] [::1]:64921 Accepted
[Sun Jun 22 17:28:11 2025] [::1]:64921 Closed without sending a request; it was probably just an unused speculative preconnection
[Sun Jun 22 17:28:11 2025] [::1]:64921 Closing
[Sun Jun 22 17:28:11 2025] [::1]:64922 Accepted
[Sun Jun 22 17:28:11 2025] [::1]:64922 Closing
[Sun Jun 22 17:28:21 2025] [::1]:64927 Accepted
[Sun Jun 22 17:28:21 2025] [::1]:64927 Closed without sending a request; it was probably just an unused speculative preconnection
[Sun Jun 22 17:28:21 2025] [::1]:64927 Closing
[Sun Jun 22 17:28:21 2025] [::1]:64928 Accepted
[Sun Jun 22 17:28:21 2025] [::1]:64928 Closing
[Sun Jun 22 17:29:00 2025] [::1]:64957 Accepted
[Sun Jun 22 17:29:00 2025] [::1]:64958 Accepted
[Sun Jun 22 17:29:00 2025] [::1]:64957 Closed without sending a request; it was probably just an unused speculative preconnection
[Sun Jun 22 17:29:00 2025] [::1]:64957 Closing
[Sun Jun 22 17:29:00 2025] [::1]:64958 Closing
[Sun Jun 22 17:30:13 2025] [::1]:64986 Accepted
[Sun Jun 22 17:30:13 2025] [::1]:64987 Accepted
[Sun Jun 22 17:30:13 2025] [::1]:64986 Closed without sending a request; it was probably just an unused speculative preconnection
[Sun Jun 22 17:30:13 2025] [::1]:64986 Closing
[Sun Jun 22 17:30:13 2025] [::1]:64987 Closing
[Sun Jun 22 17:31:23 2025] [::1]:65002 Accepted
[Sun Jun 22 17:31:23 2025] [::1]:65003 Accepted
[Sun Jun 22 17:31:23 2025] [::1]:65002 Closed without sending a request; it was probably just an unused speculative preconnection
[Sun Jun 22 17:31:23 2025] [::1]:65002 Closing
[Sun Jun 22 17:31:23 2025] [::1]:65003 Closing
[Sun Jun 22 18:39:43 2025] [::1]:49226 Accepted
[Sun Jun 22 18:39:43 2025] [::1]:49227 Accepted
[Sun Jun 22 18:39:43 2025] [::1]:49226 Closed without sending a request; it was probably just an unused speculative preconnection
[Sun Jun 22 18:39:43 2025] [::1]:49226 Closing
[Sun Jun 22 18:39:43 2025] [::1]:49227 Closing
[Sun Jun 22 18:41:19 2025] [::1]:49245 Accepted
[Sun Jun 22 18:41:19 2025] [::1]:49246 Accepted
[Sun Jun 22 18:41:19 2025] [::1]:49245 Closed without sending a request; it was probably just an unused speculative preconnection
[Sun Jun 22 18:41:19 2025] [::1]:49245 Closing
[Sun Jun 22 18:41:19 2025] [::1]:49246 Closing
[Sun Jun 22 18:41:28 2025] [::1]:49254 Accepted
[Sun Jun 22 18:41:28 2025] [::1]:49255 Accepted
[Sun Jun 22 18:41:28 2025] [::1]:49254 Closed without sending a request; it was probably just an unused speculative preconnection
[Sun Jun 22 18:41:28 2025] [::1]:49254 Closing
[Sun Jun 22 18:41:28 2025] [::1]:49255 Closing
[Sun Jun 22 18:41:44 2025] [::1]:49261 Accepted
[Sun Jun 22 18:41:44 2025] [::1]:49262 Accepted
[Sun Jun 22 18:41:44 2025] [::1]:49261 Closed without sending a request; it was probably just an unused speculative preconnection
[Sun Jun 22 18:41:44 2025] [::1]:49261 Closing
[Sun Jun 22 18:41:44 2025] [::1]:49262 Closing
[Sun Jun 22 18:42:02 2025] [::1]:49275 Accepted
[Sun Jun 22 18:42:02 2025] [::1]:49276 Accepted
[Sun Jun 22 18:42:02 2025] [::1]:49275 Closed without sending a request; it was probably just an unused speculative preconnection
[Sun Jun 22 18:42:02 2025] [::1]:49275 Closing
[Sun Jun 22 18:42:02 2025] [::1]:49276 Closing
[Sun Jun 22 18:42:07 2025] [::1]:49282 Accepted
[Sun Jun 22 18:42:07 2025] [::1]:49282 Closed without sending a request; it was probably just an unused speculative preconnection
[Sun Jun 22 18:42:07 2025] [::1]:49282 Closing
[Sun Jun 22 18:42:07 2025] [::1]:49283 Accepted
[Sun Jun 22 18:42:07 2025] [::1]:49283 Closing
[Sun Jun 22 18:42:13 2025] [::1]:49287 Accepted
[Sun Jun 22 18:42:13 2025] [::1]:49288 Accepted
[Sun Jun 22 18:42:13 2025] [::1]:49287 Closed without sending a request; it was probably just an unused speculative preconnection
[Sun Jun 22 18:42:13 2025] [::1]:49287 Closing
[Sun Jun 22 18:42:13 2025] [::1]:49288 Closing
[Sun Jun 22 18:42:15 2025] [::1]:49292 Accepted
[Sun Jun 22 18:42:15 2025] [::1]:49292 Closed without sending a request; it was probably just an unused speculative preconnection
[Sun Jun 22 18:42:15 2025] [::1]:49292 Closing
[Sun Jun 22 18:42:15 2025] [::1]:49293 Accepted
[Sun Jun 22 18:42:15 2025] [::1]:49293 Closing
[Sun Jun 22 18:42:33 2025] [::1]:49301 Accepted
[Sun Jun 22 18:42:33 2025] [::1]:49302 Accepted
[Sun Jun 22 18:42:33 2025] [::1]:49301 Closed without sending a request; it was probably just an unused speculative preconnection
[Sun Jun 22 18:42:33 2025] [::1]:49301 Closing
[Sun Jun 22 18:42:33 2025] [::1]:49302 Closing
[Sun Jun 22 18:42:51 2025] [::1]:49307 Accepted
[Sun Jun 22 18:42:51 2025] [::1]:49308 Accepted
[Sun Jun 22 18:42:51 2025] [::1]:49307 Closed without sending a request; it was probably just an unused speculative preconnection
[Sun Jun 22 18:42:51 2025] [::1]:49307 Closing
[Sun Jun 22 18:42:51 2025] [::1]:49308 Closing
[Sun Jun 22 18:43:08 2025] [::1]:49318 Accepted
[Sun Jun 22 18:43:08 2025] [::1]:49319 Accepted
[Sun Jun 22 18:43:08 2025] [::1]:49318 Closed without sending a request; it was probably just an unused speculative preconnection
[Sun Jun 22 18:43:08 2025] [::1]:49318 Closing
[Sun Jun 22 18:43:08 2025] [::1]:49319 Closing
[Sun Jun 22 18:43:37 2025] [::1]:49326 Accepted
[Sun Jun 22 18:43:37 2025] [::1]:49327 Accepted
[Sun Jun 22 18:43:37 2025] [::1]:49326 Closed without sending a request; it was probably just an unused speculative preconnection
[Sun Jun 22 18:43:37 2025] [::1]:49326 Closing
[Sun Jun 22 18:43:37 2025] [::1]:49327 Closing
[Sun Jun 22 18:43:44 2025] [::1]:49333 Accepted
[Sun Jun 22 18:43:44 2025] [::1]:49334 Accepted
[Sun Jun 22 18:43:44 2025] [::1]:49333 Closed without sending a request; it was probably just an unused speculative preconnection
[Sun Jun 22 18:43:44 2025] [::1]:49333 Closing
[Sun Jun 22 18:43:44 2025] [::1]:49334 Closing
[Sun Jun 22 18:44:26 2025] [::1]:49346 Accepted
[Sun Jun 22 18:44:26 2025] [::1]:49347 Accepted
[Sun Jun 22 18:44:26 2025] [::1]:49346 Closed without sending a request; it was probably just an unused speculative preconnection
[Sun Jun 22 18:44:26 2025] [::1]:49346 Closing
[Sun Jun 22 18:44:26 2025] [::1]:49347 Closing
[Sun Jun 22 18:44:28 2025] [::1]:49351 Accepted
[Sun Jun 22 18:44:28 2025] [::1]:49351 Closed without sending a request; it was probably just an unused speculative preconnection
[Sun Jun 22 18:44:28 2025] [::1]:49351 Closing
[Sun Jun 22 18:44:28 2025] [::1]:49352 Accepted
[Sun Jun 22 18:44:28 2025] [::1]:49352 Closing
[Sun Jun 22 18:44:54 2025] [::1]:49357 Accepted
[Sun Jun 22 18:44:54 2025] [::1]:49358 Accepted
[Sun Jun 22 18:44:54 2025] [::1]:49357 Closed without sending a request; it was probably just an unused speculative preconnection
[Sun Jun 22 18:44:54 2025] [::1]:49357 Closing
[Sun Jun 22 18:44:54 2025] [::1]:49358 Closing
[Sun Jun 22 18:46:17 2025] [::1]:49382 Accepted
[Sun Jun 22 18:46:17 2025] [::1]:49383 Accepted
[Sun Jun 22 18:46:17 2025] [::1]:49382 Closed without sending a request; it was probably just an unused speculative preconnection
[Sun Jun 22 18:46:17 2025] [::1]:49382 Closing
[Sun Jun 22 18:46:17 2025] [::1]:49383 Closing
[Sun Jun 22 18:50:08 2025] [::1]:49453 Accepted
[Sun Jun 22 18:50:08 2025] [::1]:49454 Accepted
[Sun Jun 22 18:50:08 2025] [::1]:49453 Closed without sending a request; it was probably just an unused speculative preconnection
[Sun Jun 22 18:50:08 2025] [::1]:49453 Closing
[Sun Jun 22 18:50:08 2025] [::1]:49454 Closing
[Sun Jun 22 18:50:13 2025] [::1]:49460 Accepted
[Sun Jun 22 18:50:13 2025] [::1]:49460 Closed without sending a request; it was probably just an unused speculative preconnection
[Sun Jun 22 18:50:13 2025] [::1]:49460 Closing
[Sun Jun 22 18:50:13 2025] [::1]:49461 Accepted
[Sun Jun 22 18:50:13 2025] [::1]:49461 Closing
[Sun Jun 22 18:50:15 2025] [::1]:49464 Accepted
[Sun Jun 22 18:50:15 2025] [::1]:49465 Accepted
[Sun Jun 22 18:50:15 2025] [::1]:49464 Closed without sending a request; it was probably just an unused speculative preconnection
[Sun Jun 22 18:50:15 2025] [::1]:49464 Closing
[Sun Jun 22 18:50:15 2025] [::1]:49465 Closing
[Sun Jun 22 18:53:13 2025] [::1]:49495 Accepted
[Sun Jun 22 18:53:13 2025] [::1]:49496 Accepted
[Sun Jun 22 18:53:13 2025] [::1]:49495 Closed without sending a request; it was probably just an unused speculative preconnection
[Sun Jun 22 18:53:13 2025] [::1]:49495 Closing
[Sun Jun 22 18:53:13 2025] [::1]:49496 Closing
[Sun Jun 22 18:54:08 2025] [::1]:49516 Accepted
[Sun Jun 22 18:54:08 2025] [::1]:49517 Accepted
[Sun Jun 22 18:54:08 2025] [::1]:49516 Closed without sending a request; it was probably just an unused speculative preconnection
[Sun Jun 22 18:54:08 2025] [::1]:49516 Closing
[Sun Jun 22 18:54:08 2025] [::1]:49517 Closing
[Sun Jun 22 18:56:24 2025] [::1]:49545 Accepted
[Sun Jun 22 18:56:24 2025] [::1]:49546 Accepted
[Sun Jun 22 18:56:24 2025] [::1]:49545 Closed without sending a request; it was probably just an unused speculative preconnection
[Sun Jun 22 18:56:24 2025] [::1]:49545 Closing
[Sun Jun 22 18:56:24 2025] [::1]:49546 Closing
[Sun Jun 22 18:58:01 2025] [::1]:49567 Accepted
[Sun Jun 22 18:58:01 2025] [::1]:49568 Accepted
[Sun Jun 22 18:58:01 2025] [::1]:49567 Closed without sending a request; it was probably just an unused speculative preconnection
[Sun Jun 22 18:58:01 2025] [::1]:49567 Closing
[Sun Jun 22 18:58:01 2025] [::1]:49568 Closing
[Sun Jun 22 18:58:55 2025] [::1]:49581 Accepted
[Sun Jun 22 18:58:55 2025] [::1]:49582 Accepted
[Sun Jun 22 18:58:55 2025] [::1]:49581 Closed without sending a request; it was probably just an unused speculative preconnection
[Sun Jun 22 18:58:55 2025] [::1]:49581 Closing
[Sun Jun 22 18:58:55 2025] [::1]:49582 Closing
[Sun Jun 22 18:59:08 2025] [::1]:49592 Accepted
[Sun Jun 22 18:59:08 2025] [::1]:49593 Accepted
[Sun Jun 22 18:59:08 2025] [::1]:49592 Closed without sending a request; it was probably just an unused speculative preconnection
[Sun Jun 22 18:59:08 2025] [::1]:49592 Closing
[Sun Jun 22 18:59:08 2025] [::1]:49593 Closing
[Sun Jun 22 18:59:38 2025] [::1]:49601 Accepted
[Sun Jun 22 18:59:38 2025] [::1]:49602 Accepted
[Sun Jun 22 18:59:38 2025] [::1]:49601 Closed without sending a request; it was probably just an unused speculative preconnection
[Sun Jun 22 18:59:38 2025] [::1]:49601 Closing
[Sun Jun 22 18:59:38 2025] [::1]:49602 Closing
[Sun Jun 22 19:01:14 2025] [::1]:49621 Accepted
[Sun Jun 22 19:01:14 2025] [::1]:49622 Accepted
[Sun Jun 22 19:01:14 2025] [::1]:49621 Closed without sending a request; it was probably just an unused speculative preconnection
[Sun Jun 22 19:01:14 2025] [::1]:49621 Closing
[Sun Jun 22 19:01:15 2025] [::1]:49622 Closing
[Sun Jun 22 19:01:23 2025] [::1]:49628 Accepted
[Sun Jun 22 19:01:23 2025] [::1]:49628 Closed without sending a request; it was probably just an unused speculative preconnection
[Sun Jun 22 19:01:23 2025] [::1]:49628 Closing
[Sun Jun 22 19:01:23 2025] [::1]:49629 Accepted
[Sun Jun 22 19:01:23 2025] [::1]:49629 Closing
[Sun Jun 22 19:04:40 2025] [::1]:49687 Accepted
[Sun Jun 22 19:04:40 2025] [::1]:49688 Accepted
[Sun Jun 22 19:04:40 2025] [::1]:49687 Closed without sending a request; it was probably just an unused speculative preconnection
[Sun Jun 22 19:04:40 2025] [::1]:49687 Closing
[Sun Jun 22 19:04:40 2025] [::1]:49688 Closing
[Sun Jun 22 19:04:46 2025] [::1]:49695 Accepted
[Sun Jun 22 19:04:46 2025] [::1]:49696 Accepted
[Sun Jun 22 19:04:46 2025] [::1]:49695 Closed without sending a request; it was probably just an unused speculative preconnection
[Sun Jun 22 19:04:46 2025] [::1]:49695 Closing
[Sun Jun 22 19:04:46 2025] [::1]:49696 Closing
[Sun Jun 22 19:05:17 2025] [::1]:49715 Accepted
[Sun Jun 22 19:05:17 2025] [::1]:49716 Accepted
[Sun Jun 22 19:05:17 2025] [::1]:49715 Closed without sending a request; it was probably just an unused speculative preconnection
[Sun Jun 22 19:05:17 2025] [::1]:49715 Closing
[Sun Jun 22 19:05:17 2025] [::1]:49716 Closing
[Sun Jun 22 19:06:00 2025] [::1]:49737 Accepted
[Sun Jun 22 19:06:00 2025] [::1]:49738 Accepted
[Sun Jun 22 19:06:00 2025] [::1]:49737 Closed without sending a request; it was probably just an unused speculative preconnection
[Sun Jun 22 19:06:00 2025] [::1]:49737 Closing
[Sun Jun 22 19:06:00 2025] [::1]:49738 Closing
[Sun Jun 22 19:06:05 2025] [::1]:49743 Accepted
[Sun Jun 22 19:06:05 2025] [::1]:49744 Accepted
[Sun Jun 22 19:06:05 2025] [::1]:49743 Closed without sending a request; it was probably just an unused speculative preconnection
[Sun Jun 22 19:06:05 2025] [::1]:49743 Closing
[Sun Jun 22 19:06:05 2025] [::1]:49744 Closing
[Sun Jun 22 19:06:53 2025] [::1]:49756 Accepted
[Sun Jun 22 19:06:53 2025] [::1]:49757 Accepted
[Sun Jun 22 19:06:53 2025] [::1]:49756 Closed without sending a request; it was probably just an unused speculative preconnection
[Sun Jun 22 19:06:53 2025] [::1]:49756 Closing
[Sun Jun 22 19:06:53 2025] [::1]:49757 Closing
[Sun Jun 22 19:07:02 2025] [::1]:49767 Accepted
[Sun Jun 22 19:07:02 2025] [::1]:49768 Accepted
[Sun Jun 22 19:07:02 2025] [::1]:49767 Closed without sending a request; it was probably just an unused speculative preconnection
[Sun Jun 22 19:07:02 2025] [::1]:49767 Closing
[Sun Jun 22 19:07:02 2025] [::1]:49768 Closing
[Sun Jun 22 19:08:43 2025] [::1]:49793 Accepted
[Sun Jun 22 19:08:43 2025] [::1]:49794 Accepted
[Sun Jun 22 19:08:43 2025] [::1]:49793 Closed without sending a request; it was probably just an unused speculative preconnection
[Sun Jun 22 19:08:43 2025] [::1]:49793 Closing
[Sun Jun 22 19:08:43 2025] [::1]:49794 Closing
[Sun Jun 22 19:10:47 2025] [::1]:49844 Accepted
[Sun Jun 22 19:10:47 2025] [::1]:49845 Accepted
[Sun Jun 22 19:10:47 2025] [::1]:49844 Closed without sending a request; it was probably just an unused speculative preconnection
[Sun Jun 22 19:10:47 2025] [::1]:49844 Closing
[Sun Jun 22 19:10:48 2025] [::1]:49845 Closing
[Sun Jun 22 19:11:42 2025] [::1]:49863 Accepted
[Sun Jun 22 19:11:42 2025] [::1]:49864 Accepted
[Sun Jun 22 19:11:42 2025] [::1]:49863 Closed without sending a request; it was probably just an unused speculative preconnection
[Sun Jun 22 19:11:42 2025] [::1]:49863 Closing
[Sun Jun 22 19:11:42 2025] [::1]:49864 Closing
[Sun Jun 22 19:11:57 2025] [::1]:49870 Accepted
[Sun Jun 22 19:11:57 2025] [::1]:49871 Accepted
[Sun Jun 22 19:11:57 2025] [::1]:49870 Closed without sending a request; it was probably just an unused speculative preconnection
[Sun Jun 22 19:11:57 2025] [::1]:49870 Closing
[Sun Jun 22 19:11:57 2025] [::1]:49871 Closing
[Sun Jun 22 19:12:12 2025] [::1]:49881 Accepted
[Sun Jun 22 19:12:12 2025] [::1]:49882 Accepted
[Sun Jun 22 19:12:12 2025] [::1]:49881 Closed without sending a request; it was probably just an unused speculative preconnection
[Sun Jun 22 19:12:12 2025] [::1]:49881 Closing
[Sun Jun 22 19:12:12 2025] [::1]:49882 Closing
[Sun Jun 22 19:13:20 2025] [::1]:49901 Accepted
[Sun Jun 22 19:13:20 2025] [::1]:49902 Accepted
[Sun Jun 22 19:13:20 2025] [::1]:49901 Closed without sending a request; it was probably just an unused speculative preconnection
[Sun Jun 22 19:13:20 2025] [::1]:49901 Closing
[Sun Jun 22 19:13:20 2025] [::1]:49902 Closing
[Sun Jun 22 19:13:27 2025] [::1]:49908 Accepted
[Sun Jun 22 19:13:27 2025] [::1]:49909 Accepted
[Sun Jun 22 19:13:27 2025] [::1]:49908 Closed without sending a request; it was probably just an unused speculative preconnection
[Sun Jun 22 19:13:27 2025] [::1]:49908 Closing
[Sun Jun 22 19:13:27 2025] [::1]:49909 Closing
[Sun Jun 22 19:14:18 2025] [::1]:49929 Accepted
[Sun Jun 22 19:14:18 2025] [::1]:49930 Accepted
[Sun Jun 22 19:14:18 2025] [::1]:49929 Closed without sending a request; it was probably just an unused speculative preconnection
[Sun Jun 22 19:14:18 2025] [::1]:49929 Closing
[Sun Jun 22 19:14:18 2025] [::1]:49930 Closing
[Sun Jun 22 19:18:02 2025] [::1]:49977 Accepted
[Sun Jun 22 19:18:02 2025] [::1]:49978 Accepted
[Sun Jun 22 19:18:02 2025] [::1]:49977 Closed without sending a request; it was probably just an unused speculative preconnection
[Sun Jun 22 19:18:02 2025] [::1]:49977 Closing
[Sun Jun 22 19:18:02 2025] [::1]:49978 Closing
[Sun Jun 22 19:19:41 2025] [::1]:50003 Accepted
[Sun Jun 22 19:19:41 2025] [::1]:50004 Accepted
[Sun Jun 22 19:19:41 2025] [::1]:50003 Closed without sending a request; it was probably just an unused speculative preconnection
[Sun Jun 22 19:19:41 2025] [::1]:50003 Closing
[Sun Jun 22 19:19:41 2025] [::1]:50004 Closing
[Sun Jun 22 19:21:15 2025] [::1]:50021 Accepted
[Sun Jun 22 19:21:15 2025] [::1]:50022 Accepted
[Sun Jun 22 19:21:15 2025] [::1]:50021 Closed without sending a request; it was probably just an unused speculative preconnection
[Sun Jun 22 19:21:15 2025] [::1]:50021 Closing
[Sun Jun 22 19:21:15 2025] [::1]:50022 Closing
[Sun Jun 22 19:21:42 2025] [::1]:50034 Accepted
[Sun Jun 22 19:21:42 2025] [::1]:50035 Accepted
[Sun Jun 22 19:21:42 2025] [::1]:50034 Closed without sending a request; it was probably just an unused speculative preconnection
[Sun Jun 22 19:21:42 2025] [::1]:50034 Closing
[Sun Jun 22 19:21:42 2025] [::1]:50035 Closing
[Sun Jun 22 19:50:04 2025] [::1]:50279 Accepted
[Sun Jun 22 19:50:04 2025] [::1]:50280 Accepted
[Sun Jun 22 19:50:04 2025] [::1]:50279 Closed without sending a request; it was probably just an unused speculative preconnection
[Sun Jun 22 19:50:04 2025] [::1]:50279 Closing
[Sun Jun 22 19:50:04 2025] [::1]:50280 Closing
[Sun Jun 22 19:50:09 2025] [::1]:50283 Accepted
[Sun Jun 22 19:50:09 2025] [::1]:50283 Closed without sending a request; it was probably just an unused speculative preconnection
[Sun Jun 22 19:50:09 2025] [::1]:50283 Closing
[Sun Jun 22 19:50:09 2025] [::1]:50284 Accepted
[Sun Jun 22 19:50:09 2025] [::1]:50284 Closing
[Sun Jun 22 19:50:30 2025] [::1]:50290 Accepted
[Sun Jun 22 19:50:30 2025] [::1]:50291 Accepted
[Sun Jun 22 19:50:30 2025] [::1]:50290 Closed without sending a request; it was probably just an unused speculative preconnection
[Sun Jun 22 19:50:30 2025] [::1]:50290 Closing
[Sun Jun 22 19:50:30 2025] [::1]:50291 Closing
[Sun Jun 22 19:50:48 2025] [::1]:50303 Accepted
[Sun Jun 22 19:50:48 2025] [::1]:50304 Accepted
[Sun Jun 22 19:50:48 2025] [::1]:50303 Closed without sending a request; it was probably just an unused speculative preconnection
[Sun Jun 22 19:50:48 2025] [::1]:50303 Closing
[Sun Jun 22 19:50:48 2025] [::1]:50304 Closing
[Sun Jun 22 19:51:54 2025] [::1]:50312 Accepted
[Sun Jun 22 19:51:54 2025] [::1]:50313 Accepted
[Sun Jun 22 19:51:54 2025] [::1]:50312 Closed without sending a request; it was probably just an unused speculative preconnection
[Sun Jun 22 19:51:54 2025] [::1]:50312 Closing
[Sun Jun 22 19:51:54 2025] [::1]:50313 Closing
[Sun Jun 22 19:52:25 2025] [::1]:50327 Accepted
[Sun Jun 22 19:52:25 2025] [::1]:50328 Accepted
[Sun Jun 22 19:52:25 2025] [::1]:50327 Closed without sending a request; it was probably just an unused speculative preconnection
[Sun Jun 22 19:52:25 2025] [::1]:50327 Closing
[Sun Jun 22 19:52:25 2025] [::1]:50328 Closing
[Sun Jun 22 19:52:56 2025] [::1]:50338 Accepted
[Sun Jun 22 19:52:56 2025] [::1]:50339 Accepted
[Sun Jun 22 19:52:56 2025] [::1]:50338 Closed without sending a request; it was probably just an unused speculative preconnection
[Sun Jun 22 19:52:56 2025] [::1]:50338 Closing
[Sun Jun 22 19:52:56 2025] [::1]:50339 Closing
[Sun Jun 22 19:58:48 2025] [::1]:50412 Accepted
[Sun Jun 22 19:58:48 2025] [::1]:50413 Accepted
[Sun Jun 22 19:58:48 2025] [::1]:50412 Closed without sending a request; it was probably just an unused speculative preconnection
[Sun Jun 22 19:58:48 2025] [::1]:50412 Closing
[Sun Jun 22 19:58:48 2025] [::1]:50413 Closing
[Sun Jun 22 19:58:55 2025] [::1]:50418 Accepted
[Sun Jun 22 19:58:55 2025] [::1]:50419 Accepted
[Sun Jun 22 19:58:55 2025] [::1]:50418 Closed without sending a request; it was probably just an unused speculative preconnection
[Sun Jun 22 19:58:55 2025] [::1]:50418 Closing
[Sun Jun 22 19:58:55 2025] [::1]:50419 Closing
[Sun Jun 22 19:59:36 2025] [::1]:50432 Accepted
[Sun Jun 22 19:59:36 2025] [::1]:50433 Accepted
[Sun Jun 22 19:59:36 2025] [::1]:50432 Closed without sending a request; it was probably just an unused speculative preconnection
[Sun Jun 22 19:59:36 2025] [::1]:50432 Closing
[Sun Jun 22 19:59:36 2025] [::1]:50433 Closing
[Sun Jun 22 20:02:23 2025] [::1]:50473 Accepted
[Sun Jun 22 20:02:23 2025] [::1]:50474 Accepted
[Sun Jun 22 20:02:23 2025] [::1]:50473 Closed without sending a request; it was probably just an unused speculative preconnection
[Sun Jun 22 20:02:23 2025] [::1]:50473 Closing
[Sun Jun 22 20:02:23 2025] [::1]:50474 Closing
[Sun Jun 22 20:12:01 2025] [::1]:50561 Accepted
[Sun Jun 22 20:12:01 2025] [::1]:50562 Accepted
[Sun Jun 22 20:12:01 2025] [::1]:50561 Closed without sending a request; it was probably just an unused speculative preconnection
[Sun Jun 22 20:12:01 2025] [::1]:50561 Closing
[Sun Jun 22 20:12:01 2025] [::1]:50562 Closing
[Sun Jun 22 20:13:41 2025] [::1]:50586 Accepted
[Sun Jun 22 20:13:41 2025] [::1]:50587 Accepted
[Sun Jun 22 20:13:41 2025] [::1]:50586 Closed without sending a request; it was probably just an unused speculative preconnection
[Sun Jun 22 20:13:41 2025] [::1]:50586 Closing
[Sun Jun 22 20:13:41 2025] [::1]:50587 Closing
[Sun Jun 22 20:14:44 2025] [::1]:50605 Accepted
[Sun Jun 22 20:14:44 2025] [::1]:50606 Accepted
[Sun Jun 22 20:14:44 2025] [::1]:50605 Closed without sending a request; it was probably just an unused speculative preconnection
[Sun Jun 22 20:14:44 2025] [::1]:50605 Closing
[Sun Jun 22 20:14:44 2025] [::1]:50606 Closing
[Sun Jun 22 20:15:04 2025] [::1]:50615 Accepted
[Sun Jun 22 20:15:04 2025] [::1]:50616 Accepted
[Sun Jun 22 20:15:04 2025] [::1]:50615 Closed without sending a request; it was probably just an unused speculative preconnection
[Sun Jun 22 20:15:04 2025] [::1]:50615 Closing
[Sun Jun 22 20:15:04 2025] [::1]:50616 Closing
[Sun Jun 22 20:15:11 2025] [::1]:50620 Accepted
[Sun Jun 22 20:15:11 2025] [::1]:50621 Accepted
[Sun Jun 22 20:15:11 2025] [::1]:50620 Closed without sending a request; it was probably just an unused speculative preconnection
[Sun Jun 22 20:15:11 2025] [::1]:50620 Closing
[Sun Jun 22 20:15:11 2025] [::1]:50621 Closing
[Sun Jun 22 20:15:46 2025] [::1]:50628 Accepted
[Sun Jun 22 20:15:46 2025] [::1]:50629 Accepted
[Sun Jun 22 20:15:46 2025] [::1]:50628 Closed without sending a request; it was probably just an unused speculative preconnection
[Sun Jun 22 20:15:46 2025] [::1]:50628 Closing
[Sun Jun 22 20:15:46 2025] [::1]:50629 Closing
[Sun Jun 22 20:15:53 2025] [::1]:50635 Accepted
[Sun Jun 22 20:15:53 2025] [::1]:50635 Closed without sending a request; it was probably just an unused speculative preconnection
[Sun Jun 22 20:15:53 2025] [::1]:50635 Closing
[Sun Jun 22 20:15:53 2025] [::1]:50636 Accepted
[Sun Jun 22 20:15:53 2025] [::1]:50636 Closing
[Sun Jun 22 20:16:20 2025] [::1]:50649 Accepted
[Sun Jun 22 20:16:20 2025] [::1]:50650 Accepted
[Sun Jun 22 20:16:20 2025] [::1]:50649 Closed without sending a request; it was probably just an unused speculative preconnection
[Sun Jun 22 20:16:20 2025] [::1]:50649 Closing
[Sun Jun 22 20:16:20 2025] [::1]:50650 Closing
[Sun Jun 22 20:17:26 2025] [::1]:50664 Accepted
[Sun Jun 22 20:17:26 2025] [::1]:50665 Accepted
[Sun Jun 22 20:17:26 2025] [::1]:50664 Closed without sending a request; it was probably just an unused speculative preconnection
[Sun Jun 22 20:17:26 2025] [::1]:50664 Closing
[Sun Jun 22 20:17:26 2025] [::1]:50665 Closing
[Sun Jun 22 20:19:14 2025] [::1]:50692 Accepted
[Sun Jun 22 20:19:14 2025] [::1]:50693 Accepted
[Sun Jun 22 20:19:14 2025] [::1]:50692 Closed without sending a request; it was probably just an unused speculative preconnection
[Sun Jun 22 20:19:14 2025] [::1]:50692 Closing
[Sun Jun 22 20:19:14 2025] [::1]:50693 Closing
[Sun Jun 22 20:23:09 2025] [::1]:50735 Accepted
[Sun Jun 22 20:23:09 2025] [::1]:50736 Accepted
[Sun Jun 22 20:23:09 2025] [::1]:50735 Closed without sending a request; it was probably just an unused speculative preconnection
[Sun Jun 22 20:23:09 2025] [::1]:50735 Closing
[Sun Jun 22 20:23:09 2025] [::1]:50736 Closing
[Sun Jun 22 20:24:11 2025] [::1]:50756 Accepted
[Sun Jun 22 20:24:11 2025] [::1]:50757 Accepted
[Sun Jun 22 20:24:11 2025] [::1]:50756 Closed without sending a request; it was probably just an unused speculative preconnection
[Sun Jun 22 20:24:11 2025] [::1]:50756 Closing
[Sun Jun 22 20:24:11 2025] [::1]:50757 Closing
[Sun Jun 22 20:24:35 2025] [::1]:50765 Accepted
[Sun Jun 22 20:24:35 2025] [::1]:50766 Accepted
[Sun Jun 22 20:24:35 2025] [::1]:50765 Closed without sending a request; it was probably just an unused speculative preconnection
[Sun Jun 22 20:24:35 2025] [::1]:50765 Closing
[Sun Jun 22 20:24:35 2025] [::1]:50766 Closing
[Sun Jun 22 20:27:13 2025] [::1]:50809 Accepted
[Sun Jun 22 20:27:13 2025] [::1]:50810 Accepted
[Sun Jun 22 20:27:13 2025] [::1]:50809 Closed without sending a request; it was probably just an unused speculative preconnection
[Sun Jun 22 20:27:13 2025] [::1]:50809 Closing
[Sun Jun 22 20:27:13 2025] [::1]:50810 Closing
[Sun Jun 22 20:27:34 2025] [::1]:50817 Accepted
[Sun Jun 22 20:27:34 2025] [::1]:50818 Accepted
[Sun Jun 22 20:27:34 2025] [::1]:50817 Closed without sending a request; it was probably just an unused speculative preconnection
[Sun Jun 22 20:27:34 2025] [::1]:50817 Closing
[Sun Jun 22 20:27:34 2025] [::1]:50818 Closing
